#
# There is insufficient memory for the Java Runtime Environment to continue.
# Native memory allocation (malloc) failed to allocate 1048576 bytes for AllocateHeap
# Possible reasons:
#   The system is out of physical RAM or swap space
#   The process is running with CompressedOops enabled, and the Java Heap may be blocking the growth of the native heap
# Possible solutions:
#   Reduce memory load on the system
#   Increase physical memory or swap space
#   Check if swap backing store is full
#   Decrease Java heap size (-Xmx/-Xms)
#   Decrease number of Java threads
#   Decrease Java thread stack sizes (-Xss)
#   Set larger code cache with -XX:ReservedCodeCacheSize=
# This output file may be truncated or incomplete.
#
#  Out of Memory Error (./open/src/hotspot/share/memory/allocation.cpp:46), pid=21852, tid=12860
#
# JRE version:  (11.0.14+8) (build )
# Java VM: Java HotSpot(TM) 64-Bit Server VM (11.0.14+8-LTS-263, mixed mode, sharing, tiered, compressed oops, g1 gc, windows-amd64)
# No core dump will be written. Minidumps are not enabled by default on client versions of Windows
#

---------------  S U M M A R Y ------------

Command Line: -Dfile.encoding=windows-1252 -Duser.country=US -Duser.language=en -Duser.variant edu.wm.cs.masc.MASC Cipher.properties

Host: AMD Ryzen 5 3550H with Radeon Vega Mobile Gfx  , 8 cores, 15G,  Windows 10 , 64 bit Build 19041 (10.0.19041.2788)
Time: Tue May  2 07:00:51 2023 Bangladesh Standard Time elapsed time: 0.014912 seconds (0d 0h 0m 0s)

---------------  T H R E A D  ---------------

Current thread (0x0000017b299f1000):  JavaThread "Unknown thread" [_thread_in_vm, id=12860, stack(0x0000000b2ad00000,0x0000000b2ae00000)]

Stack: [0x0000000b2ad00000,0x0000000b2ae00000]
Native frames: (J=compiled Java code, j=interpreted, Vv=VM code, C=native code)
V  [jvm.dll+0x6296da]
V  [jvm.dll+0x76323f]
V  [jvm.dll+0x7648e9]
V  [jvm.dll+0x764f73]
V  [jvm.dll+0x23d7c8]
V  [jvm.dll+0xb13f4]
V  [jvm.dll+0x2d6b22]
V  [jvm.dll+0x2d0d79]
V  [jvm.dll+0x73d857]
V  [jvm.dll+0x73f0ef]
V  [jvm.dll+0x346909]
V  [jvm.dll+0x723160]
V  [jvm.dll+0x3b551f]
V  [jvm.dll+0x3b7631]
C  [jli.dll+0x5207]
C  [ucrtbase.dll+0x21bb2]
C  [KERNEL32.DLL+0x17604]
C  [ntdll.dll+0x526a1]


---------------  P R O C E S S  ---------------

Threads class SMR info:
_java_thread_list=0x0000017b27953c60, length=0, elements={
}

Java Threads: ( => current thread )

Other Threads:
  0x0000017b29a06000 GCTaskThread "GC Thread#0" [stack: 0x0000000b2ae00000,0x0000000b2af00000] [id=16660]

[error occurred during error reporting (printing all threads), id 0xc0000005, EXCEPTION_ACCESS_VIOLATION (0xc0000005) at pc=0x00007ffd5dfcc0e0]

VM state:not at safepoint (not fully initialized)

VM Mutex/Monitor currently owned by a thread:  ([mutex/lock_event])
[0x0000017b299ee050] Heap_lock - owner thread: 0x0000017b299f1000

Heap address: 0x0000000708e00000, size: 3954 MB, Compressed Oops mode: Non-zero based: 0x0000000708e00000
Narrow klass base: 0x0000000000000000, Narrow klass shift: 0

GC Heap History (0 events):
No events

Deoptimization events (0 events):
No events

Classes redefined (0 events):
No events

Internal exceptions (0 events):
No events

Events (0 events):
No events


Dynamic libraries:
0x00007ff7b6220000 - 0x00007ff7b622f000 	D:\Program Files\Java\jdk-11.0.14\bin\java.exe
0x00007ffdc5970000 - 0x00007ffdc5b68000 	C:\WINDOWS\SYSTEM32\ntdll.dll
0x00007ffdc39a0000 - 0x00007ffdc3a5f000 	C:\WINDOWS\System32\KERNEL32.DLL
0x00007ffdc30a0000 - 0x00007ffdc337a000 	C:\WINDOWS\System32\KERNELBASE.dll
0x00007ffdc3380000 - 0x00007ffdc3480000 	C:\WINDOWS\System32\ucrtbase.dll
0x00007ffdbece0000 - 0x00007ffdbecf8000 	D:\Program Files\Java\jdk-11.0.14\bin\jli.dll
0x00007ffdbb150000 - 0x00007ffdbb165000 	D:\Program Files\Java\jdk-11.0.14\bin\VCRUNTIME140.dll
0x00007ffdc4bf0000 - 0x00007ffdc4c9e000 	C:\WINDOWS\System32\ADVAPI32.dll
0x00007ffdc4d30000 - 0x00007ffdc4dce000 	C:\WINDOWS\System32\msvcrt.dll
0x00007ffdc4480000 - 0x00007ffdc451c000 	C:\WINDOWS\System32\sechost.dll
0x00007ffdc4dd0000 - 0x00007ffdc4ef6000 	C:\WINDOWS\System32\RPCRT4.dll
0x00007ffdc4fe0000 - 0x00007ffdc517d000 	C:\WINDOWS\System32\USER32.dll
0x00007ffdc3940000 - 0x00007ffdc3962000 	C:\WINDOWS\System32\win32u.dll
0x00007ffdb28a0000 - 0x00007ffdb2b3a000 	C:\WINDOWS\WinSxS\amd64_microsoft.windows.common-controls_6595b64144ccf1df_6.0.19041.1110_none_60b5254171f9507e\COMCTL32.dll
0x00007ffdc58d0000 - 0x00007ffdc58fb000 	C:\WINDOWS\System32\GDI32.dll
0x00007ffdc35e0000 - 0x00007ffdc36f0000 	C:\WINDOWS\System32\gdi32full.dll
0x00007ffdc36f0000 - 0x00007ffdc378d000 	C:\WINDOWS\System32\msvcp_win.dll
0x00007ffdb9cd0000 - 0x00007ffdb9cda000 	C:\WINDOWS\SYSTEM32\VERSION.dll
0x00007ffdc4060000 - 0x00007ffdc4090000 	C:\WINDOWS\System32\IMM32.DLL
0x00007ffd7cf10000 - 0x00007ffd7cfab000 	D:\Program Files\Java\jdk-11.0.14\bin\msvcp140.dll
0x00007ffd5dcf0000 - 0x00007ffd5e806000 	D:\Program Files\Java\jdk-11.0.14\bin\server\jvm.dll
0x00007ffdc45b0000 - 0x00007ffdc45b8000 	C:\WINDOWS\System32\PSAPI.DLL
0x00007ffdae6e0000 - 0x00007ffdae6e9000 	C:\WINDOWS\SYSTEM32\WSOCK32.dll
0x00007ffdb9be0000 - 0x00007ffdb9c07000 	C:\WINDOWS\SYSTEM32\WINMM.dll
0x00007ffdc4540000 - 0x00007ffdc45ab000 	C:\WINDOWS\System32\WS2_32.dll
0x00007ffdc0ef0000 - 0x00007ffdc0f02000 	C:\WINDOWS\SYSTEM32\kernel.appcore.dll
0x00007ffdc07c0000 - 0x00007ffdc07d0000 	D:\Program Files\Java\jdk-11.0.14\bin\verify.dll
0x00007ffdb2e70000 - 0x00007ffdb3054000 	C:\WINDOWS\SYSTEM32\DBGHELP.DLL
0x00007ffdae780000 - 0x00007ffdae7b4000 	C:\WINDOWS\SYSTEM32\dbgcore.DLL
0x00007ffdc3840000 - 0x00007ffdc38c2000 	C:\WINDOWS\System32\bcryptPrimitives.dll
0x00007ffda3720000 - 0x00007ffda3748000 	D:\Program Files\Java\jdk-11.0.14\bin\java.dll
0x00007ffdbe970000 - 0x00007ffdbe97a000 	D:\Program Files\Java\jdk-11.0.14\bin\jimage.dll
0x00007ffdb09e0000 - 0x00007ffdb09f6000 	D:\Program Files\Java\jdk-11.0.14\bin\zip.dll

dbghelp: loaded successfully - version: 4.0.5 - missing functions: none
symbol engine: initialized successfully - sym options: 0x614 - pdb path: .;D:\Program Files\Java\jdk-11.0.14\bin;C:\WINDOWS\SYSTEM32;C:\WINDOWS\WinSxS\amd64_microsoft.windows.common-controls_6595b64144ccf1df_6.0.19041.1110_none_60b5254171f9507e;D:\Program Files\Java\jdk-11.0.14\bin\server

VM Arguments:
jvm_args: -Dfile.encoding=windows-1252 -Duser.country=US -Duser.language=en -Duser.variant 
java_command: edu.wm.cs.masc.MASC Cipher.properties
java_class_path (initial): F:\IIT\Projects\SPL3\MASC\masc-core\app\build\classes\java\main;F:\IIT\Projects\SPL3\MASC\masc-core\app\build\resources\main;C:\Users\ASUS\.gradle\caches\modules-2\files-2.1\com.google.guava\guava\31.1-jre\60458f877d055d0c9114d9e1a2efb737b4bc282c\guava-31.1-jre.jar;C:\Users\ASUS\.gradle\caches\modules-2\files-2.1\com.squareup\javapoet\1.13.0\d6562d385049f35eb50403fa86bb11cce76b866a\javapoet-1.13.0.jar;C:\Users\ASUS\.gradle\caches\modules-2\files-2.1\org.apache.commons\commons-configuration2\2.7\593326399e5fb5e1f986607f06f63c1250ab36b4\commons-configuration2-2.7.jar;C:\Users\ASUS\.gradle\caches\modules-2\files-2.1\org.reflections\reflections\0.10.2\b638d7ca0e0fe0146b60a0e7ba232ad852a73b31\reflections-0.10.2.jar;C:\Users\ASUS\.gradle\caches\modules-2\files-2.1\commons-beanutils\commons-beanutils\1.9.4\d52b9abcd97f38c81342bb7e7ae1eee9b73cba51\commons-beanutils-1.9.4.jar;C:\Users\ASUS\.gradle\caches\modules-2\files-2.1\org.apache.directory.studio\org.apache.commons.io\2.4\b98d592c582262b3da8a871c7317f4902d98e996\org.apache.commons.io-2.4.jar;C:\Users\ASUS\.gradle\caches\modules-2\files-2.1\org.apache.maven.plugins\maven-surefire-plugin\3.0.0-M5\fdd1eeae1523a8d4b955613eb282d3fc51bc9868\maven-surefire-plugin-3.0.0-M5.jar;C:\Users\ASUS\.gradle\caches\modules-2\files-2.1\org.apache.maven.surefire\maven-surefire-common\3.0.0-M5\245fdc7191e36a01c59c4e39b3d51da934cefe2\maven-surefire-common-3.0.0-M5.jar;C:\Users\ASUS\.gradle\caches\modules-2\files-2.1\org.apache.maven.shared\maven-artifact-transfer\0.11.0\bec7dd9a97178bc2637c1c45830b3b09eff64274\maven-artifact-transfer-0.11.0.jar;C:\Users\ASUS\.gradle\caches\modules-2\files-2.1\org.apache.maven.shared\maven-common-artifact-filters\3.0.1\1a98d8e3d5610bb0abf09a7756195e8b2ed215e5\maven-common-artifact-filters-3.0.1.jar;C:\Users\ASUS\.gradle\caches\modules-2\files-2.1\org.apache.maven.shared\maven-shared-utils\3.1.0\78d8798fe84d5e095577221d299e9a3c8e696bca\maven-shared-utils-3.1.0.jar;C:\Users\ASUS\.gr
Launcher Type: SUN_STANDARD

[Global flags]
     intx CICompilerCount                          = 4                                         {product} {ergonomic}
     uint ConcGCThreads                            = 2                                         {product} {ergonomic}
     uint G1ConcRefinementThreads                  = 8                                         {product} {ergonomic}
   size_t G1HeapRegionSize                         = 1048576                                   {product} {ergonomic}
    uintx GCDrainStackTargetSize                   = 64                                        {product} {ergonomic}
   size_t InitialHeapSize                          = 260046848                                 {product} {ergonomic}
   size_t MarkStackSize                            = 4194304                                   {product} {ergonomic}
   size_t MaxHeapSize                              = 4146069504                                {product} {ergonomic}
   size_t MinHeapDeltaBytes                        = 1048576                                   {product} {ergonomic}
    uintx NonNMethodCodeHeapSize                   = 5836300                                {pd product} {ergonomic}
    uintx NonProfiledCodeHeapSize                  = 122910970                              {pd product} {ergonomic}
    uintx ProfiledCodeHeapSize                     = 122910970                              {pd product} {ergonomic}
    uintx ReservedCodeCacheSize                    = 251658240                              {pd product} {ergonomic}
     bool SegmentedCodeCache                       = true                                      {product} {ergonomic}
     bool UseCompressedClassPointers               = true                                 {lp64_product} {ergonomic}
     bool UseCompressedOops                        = true                                 {lp64_product} {ergonomic}
     bool UseG1GC                                  = true                                      {product} {ergonomic}
     bool UseLargePagesIndividualAllocation        = false                                  {pd product} {ergonomic}

Logging:
Log output configuration:
 #0: stdout all=warning uptime,level,tags
 #1: stderr all=off uptime,level,tags

Environment Variables:
PATH=C:\Program Files (x86)\Microsoft SDKs\Azure\CLI2\wbin;C:\Windows\system32;C:\Windows;C:\Windows\System32\Wbem;C:\Windows\System32\WindowsPowerShell\v1.0\;C:\Windows\System32\OpenSSH\;C:\WINDOWS\system32;C:\WINDOWS;C:\WINDOWS\System32\Wbem;C:\WINDOWS\System32\WindowsPowerShell\v1.0\;C:\WINDOWS\System32\OpenSSH\;C:\Program Files (x86)\NVIDIA Corporation\PhysX\Common;C:\Program Files\NVIDIA Corporation\NVIDIA NvDLISR;D:\xampp\php\php.exe;D:\Program Files\Git2\cmd;C:\Program Files\MySQL\MySQL Server 8.0\bin;D:\Program Files\nodejs;C:\Users\ASUS\AppData\Roaming\npm;D:\Program Files\PuTTY\;C:\Users\ASUS\AppData\Local\Yarn\bin;D:\Python;D:\Python\Scripts;C:\Program Files\dotnet\;D:\Program Files\Java\jdk-11.0.14\bin;C:\Users\ASUS\.azure-kubectl;C:\Users\ASUS\.azure-kubelogin;C:\ProgramData\chocolatey\bin;C:\Program Files (x86)\dotnet\;D:\Downloads\Compressed\apache-maven-3.8.6-bin\apache-maven-3.8.6\bin;C:\Program Files\MySQL\MySQL Shell 8.0\bin\;C:\Users\ASUS\AppData\Local\Microsoft\WindowsApps;D:\xampp\php;C:\Users\ASUS\AppData\Local\ComposerSetup\bin;C:\Users\ASUS\AppData\Roaming\Composer\vendor\bin;D:\composer\vendor\bin;C:\Users\ASUS\AppData\Local\Programs\Microsoft VS Code\bin;C:\Program Files\MySQL\MySQL Shell 8.0\bin;D:\Program Files\MongoDB\Server\4.4\bin;C:\Users\ASUS\AppData\Local\Yarn\bin;D:\Program Files\JetBrains\PyCharm 2021.3.2\bin;;D:\Program Files\JetBrains\WebStorm 2021.3.2\bin;;D:\Program Files\heroku\bin;D:\Downloads\Compressed\apache-maven-3.8.6-bin\apache-maven-3.8.6\bin;C:\Users\ASUS\AppData\Local\Programs\mongosh\
USERNAME=ASUS
OS=Windows_NT
PROCESSOR_IDENTIFIER=AMD64 Family 23 Model 24 Stepping 1, AuthenticAMD



---------------  S Y S T E M  ---------------

OS: Windows 10 , 64 bit Build 19041 (10.0.19041.2788)

CPU:total 8 (initial active 8) (8 cores per cpu, 2 threads per core) family 23 model 24 stepping 1 microcode 0x0, cmov, cx8, fxsr, mmx, sse, sse2, sse3, ssse3, sse4.1, sse4.2, popcnt, avx, avx2, aes, clmul, mmxext, 3dnowpref, lzcnt, sse4a, ht, tsc, tscinvbit, tscinv, bmi1, bmi2, adx, s

Memory: 4k page, system-wide physical 15809M (5450M free)
TotalPageFile size 18681M (AvailPageFile size 5M)
current process WorkingSet (physical memory assigned to process): 10M, peak: 10M
current process commit charge ("private bytes"): 55M, peak: 56M

vm_info: Java HotSpot(TM) 64-Bit Server VM (11.0.14+8-LTS-263) for windows-amd64 JRE (11.0.14+8-LTS-263), built on Dec  7 2021 21:53:57 by "mach5one" with MS VC++ 15.9 (VS2017)

END.
