#
# There is insufficient memory for the Java Runtime Environment to continue.
# Native memory allocation (malloc) failed to allocate 327664 bytes for Chunk::new
# Possible reasons:
#   The system is out of physical RAM or swap space
#   The process is running with CompressedOops enabled, and the Java Heap may be blocking the growth of the native heap
# Possible solutions:
#   Reduce memory load on the system
#   Increase physical memory or swap space
#   Check if swap backing store is full
#   Decrease Java heap size (-Xmx/-Xms)
#   Decrease number of Java threads
#   Decrease Java thread stack sizes (-Xss)
#   Set larger code cache with -XX:ReservedCodeCacheSize=
#   JVM is running with Unscaled Compressed Oops mode in which the Java heap is
#     placed in the first 4GB address space. The Java Heap base address is the
#     maximum limit for the native heap growth. Please use -XX:HeapBaseMinAddress
#     to set the Java Heap base and to place the Java Heap above 4GB virtual address.
# This output file may be truncated or incomplete.
#
#  Out of Memory Error (./open/src/hotspot/share/memory/arena.cpp:197), pid=12140, tid=16128
#
# JRE version: Java(TM) SE Runtime Environment 18.9 (11.0.14+8) (build 11.0.14+8-LTS-263)
# Java VM: Java HotSpot(TM) 64-Bit Server VM 18.9 (11.0.14+8-LTS-263, mixed mode, tiered, compressed oops, g1 gc, windows-amd64)
# No core dump will be written. Minidumps are not enabled by default on client versions of Windows
#

---------------  S U M M A R Y ------------

Command Line: --add-opens=java.base/java.util=ALL-UNNAMED --add-opens=java.base/java.lang=ALL-UNNAMED --add-opens=java.base/java.lang.invoke=ALL-UNNAMED --add-opens=java.base/java.util=ALL-UNNAMED --add-opens=java.prefs/java.util.prefs=ALL-UNNAMED --add-opens=java.prefs/java.util.prefs=ALL-UNNAMED --add-opens=java.base/java.nio.charset=ALL-UNNAMED --add-opens=java.base/java.net=ALL-UNNAMED --add-opens=java.base/java.util.concurrent.atomic=ALL-UNNAMED -XX:MaxMetaspaceSize=256m -XX:+HeapDumpOnOutOfMemoryError -Xms256m -Xmx512m -Dfile.encoding=windows-1252 -Duser.country=US -Duser.language=en -Duser.variant org.gradle.launcher.daemon.bootstrap.GradleDaemon 7.0

Host: AMD Ryzen 5 3550H with Radeon Vega Mobile Gfx  , 8 cores, 15G,  Windows 10 , 64 bit Build 19041 (10.0.19041.2788)
Time: Tue May  2 07:00:38 2023 Bangladesh Standard Time elapsed time: 1088.243169 seconds (0d 0h 18m 8s)

---------------  T H R E A D  ---------------

Current thread (0x000001665cca1000):  JavaThread "C2 CompilerThread2" daemon [_thread_in_native, id=16128, stack(0x00000031b6600000,0x00000031b6700000)]


Current CompileTask:
C2:1088243 15390       4       org.gradle.internal.logging.sink.OutputEventTransformer::onOutput (399 bytes)

Stack: [0x00000031b6600000,0x00000031b6700000]
Native frames: (J=compiled Java code, j=interpreted, Vv=VM code, C=native code)
V  [jvm.dll+0x6296da]
V  [jvm.dll+0x76323f]
V  [jvm.dll+0x7648e9]
V  [jvm.dll+0x764f73]
V  [jvm.dll+0x23d7c8]
V  [jvm.dll+0xb297c]
V  [jvm.dll+0xb2f3c]
V  [jvm.dll+0x1f7bd7]
V  [jvm.dll+0x5bb642]
V  [jvm.dll+0x5be7f9]
V  [jvm.dll+0x1f8207]
V  [jvm.dll+0x1f754d]
V  [jvm.dll+0x177b21]
V  [jvm.dll+0x206e26]
V  [jvm.dll+0x204fbb]
V  [jvm.dll+0x729170]
V  [jvm.dll+0x721d44]
V  [jvm.dll+0x6285d6]
C  [ucrtbase.dll+0x21bb2]
C  [KERNEL32.DLL+0x17604]
C  [ntdll.dll+0x526a1]


---------------  P R O C E S S  ---------------

Threads class SMR info:
_java_thread_list=0x00000166576fbb50, length=66, elements={
0x000001663489b000, 0x0000016650ee1800, 0x0000016650eeb000, 0x0000016650efd800,
0x0000016650eff800, 0x0000016650f00800, 0x000001665186e000, 0x0000016650f03000,
0x0000016650f04000, 0x00000166519cc000, 0x00000166536fd800, 0x0000016653605000,
0x0000016652e08000, 0x0000016653a40800, 0x0000016653a3c800, 0x0000016653a42000,
0x0000016653a3f800, 0x0000016653a3f000, 0x00000166572cb800, 0x00000166572cc800,
0x00000166572c9000, 0x00000166572c6800, 0x00000166572cd000, 0x00000166572c8000,
0x00000166572d5800, 0x00000166541cf800, 0x00000166541cd800, 0x00000166541d0000,
0x00000166541ce800, 0x00000166562cc800, 0x00000166562ca000, 0x00000166562cb000,
0x00000166541d3800, 0x00000166572ce800, 0x00000166572cf800, 0x00000166572ca000,
0x00000166562cd800, 0x00000166562cf800, 0x00000166562cf000, 0x00000166562cb800,
0x00000166562d4800, 0x00000166562d6800, 0x00000166562d4000, 0x00000166562d7000,
0x00000166562d5800, 0x00000166562d1800, 0x00000166562d2000, 0x00000166562d8000,
0x00000166562d8800, 0x00000166562d3000, 0x00000166541ca800, 0x00000166541d1000,
0x00000166541cb000, 0x00000166541d1800, 0x00000166541cc000, 0x0000016656115800,
0x00000166541d2800, 0x00000166541cd000, 0x00000166541d6000, 0x00000166541d9000,
0x00000166541d6800, 0x00000166541d5000, 0x00000166541d8000, 0x00000166541d7800,
0x000001665cca1000, 0x00000166541d4000
}

Java Threads: ( => current thread )
  0x000001663489b000 JavaThread "main" [_thread_blocked, id=15180, stack(0x00000031b1d00000,0x00000031b1e00000)]
  0x0000016650ee1800 JavaThread "Reference Handler" daemon [_thread_blocked, id=2188, stack(0x00000031b2400000,0x00000031b2500000)]
  0x0000016650eeb000 JavaThread "Finalizer" daemon [_thread_blocked, id=19592, stack(0x00000031b2500000,0x00000031b2600000)]
  0x0000016650efd800 JavaThread "Signal Dispatcher" daemon [_thread_blocked, id=10716, stack(0x00000031b2600000,0x00000031b2700000)]
  0x0000016650eff800 JavaThread "Attach Listener" daemon [_thread_blocked, id=1972, stack(0x00000031b2700000,0x00000031b2800000)]
  0x0000016650f00800 JavaThread "Service Thread" daemon [_thread_blocked, id=7364, stack(0x00000031b2800000,0x00000031b2900000)]
  0x000001665186e000 JavaThread "C2 CompilerThread0" daemon [_thread_blocked, id=20624, stack(0x00000031b2900000,0x00000031b2a00000)]
  0x0000016650f03000 JavaThread "C1 CompilerThread0" daemon [_thread_blocked, id=22244, stack(0x00000031b2a00000,0x00000031b2b00000)]
  0x0000016650f04000 JavaThread "Sweeper thread" daemon [_thread_blocked, id=9076, stack(0x00000031b2b00000,0x00000031b2c00000)]
  0x00000166519cc000 JavaThread "Common-Cleaner" daemon [_thread_blocked, id=16464, stack(0x00000031b2c00000,0x00000031b2d00000)]
  0x00000166536fd800 JavaThread "Daemon health stats" [_thread_blocked, id=20088, stack(0x00000031b3400000,0x00000031b3500000)]
  0x0000016653605000 JavaThread "Incoming local TCP Connector on port 28563" [_thread_in_native, id=3324, stack(0x00000031b2e00000,0x00000031b2f00000)]
  0x0000016652e08000 JavaThread "Daemon periodic checks" [_thread_blocked, id=1788, stack(0x00000031b3500000,0x00000031b3600000)]
  0x0000016653a40800 JavaThread "Cache worker for file hash cache (C:\Users\ASUS\.gradle\caches\7.0\fileHashes)" [_thread_blocked, id=12604, stack(0x00000031b3d00000,0x00000031b3e00000)]
  0x0000016653a3c800 JavaThread "File lock request listener" [_thread_in_native, id=5544, stack(0x00000031b3e00000,0x00000031b3f00000)]
  0x0000016653a42000 JavaThread "Cache worker for journal cache (C:\Users\ASUS\.gradle\caches\journal-1)" [_thread_blocked, id=18604, stack(0x00000031b4200000,0x00000031b4300000)]
  0x0000016653a3f800 JavaThread "File watcher server" daemon [_thread_in_native, id=20156, stack(0x00000031b4500000,0x00000031b4600000)]
  0x0000016653a3f000 JavaThread "File watcher consumer" daemon [_thread_blocked, id=5872, stack(0x00000031b4600000,0x00000031b4700000)]
  0x00000166572cb800 JavaThread "Cache worker for execution history cache (C:\Users\ASUS\.gradle\caches\7.0\executionHistory)" [_thread_blocked, id=20336, stack(0x00000031b4b00000,0x00000031b4c00000)]
  0x00000166572cc800 JavaThread "jar transforms" [_thread_blocked, id=12204, stack(0x00000031b4c00000,0x00000031b4d00000)]
  0x00000166572c9000 JavaThread "jar transforms Thread 2" [_thread_blocked, id=5352, stack(0x00000031b4d00000,0x00000031b4e00000)]
  0x00000166572c6800 JavaThread "jar transforms Thread 3" [_thread_blocked, id=1628, stack(0x00000031b4e00000,0x00000031b4f00000)]
  0x00000166572cd000 JavaThread "jar transforms Thread 4" [_thread_blocked, id=8896, stack(0x00000031b4f00000,0x00000031b5000000)]
  0x00000166572c8000 JavaThread "Cache worker for file content cache (C:\Users\ASUS\.gradle\caches\7.0\fileContent)" [_thread_blocked, id=3560, stack(0x00000031b5000000,0x00000031b5100000)]
  0x00000166572d5800 JavaThread "jar transforms Thread 5" [_thread_blocked, id=10352, stack(0x00000031b5200000,0x00000031b5300000)]
  0x00000166541cf800 JavaThread "jar transforms Thread 6" [_thread_blocked, id=5324, stack(0x00000031b5c00000,0x00000031b5d00000)]
  0x00000166541cd800 JavaThread "jar transforms Thread 7" [_thread_blocked, id=21804, stack(0x00000031b5d00000,0x00000031b5e00000)]
  0x00000166541d0000 JavaThread "jar transforms Thread 8" [_thread_blocked, id=17656, stack(0x00000031b5e00000,0x00000031b5f00000)]
  0x00000166541ce800 JavaThread "Memory manager" [_thread_blocked, id=14332, stack(0x00000031b5f00000,0x00000031b6000000)]
  0x00000166562cc800 JavaThread "Cache worker for Java compile cache (C:\Users\ASUS\.gradle\caches\7.0\javaCompile)" [_thread_blocked, id=22304, stack(0x00000031b6900000,0x00000031b6a00000)]
  0x00000166562ca000 JavaThread "Daemon Thread 3" [_thread_blocked, id=8516, stack(0x00000031b1a00000,0x00000031b1b00000)]
  0x00000166562cb000 JavaThread "Daemon worker Thread 3" [_thread_blocked, id=3000, stack(0x00000031b3600000,0x00000031b3700000)]
  0x00000166541d3800 JavaThread "Exec process Thread 5" [_thread_in_native, id=14064, stack(0x00000031b6700000,0x00000031b6800000)]
  0x00000166572ce800 JavaThread "Exec process Thread 6" [_thread_blocked, id=21924, stack(0x00000031b6a00000,0x00000031b6b00000)]
  0x00000166572cf800 JavaThread "Exec process Thread 7" [_thread_in_native, id=8168, stack(0x00000031b6b00000,0x00000031b6c00000)]
  0x00000166572ca000 JavaThread "Exec process Thread 8" [_thread_in_native, id=8136, stack(0x00000031b6c00000,0x00000031b6d00000)]
  0x00000166562cd800 JavaThread "Handler for socket connection from /127.0.0.1:28563 to /127.0.0.1:28850" [_thread_in_native, id=13324, stack(0x00000031b1b00000,0x00000031b1c00000)]
  0x00000166562cf800 JavaThread "Cancel handler" [_thread_blocked, id=19432, stack(0x00000031b1c00000,0x00000031b1d00000)]
  0x00000166562cf000 JavaThread "Asynchronous log dispatcher for DefaultDaemonConnection: socket connection from /127.0.0.1:28563 to /127.0.0.1:28850" [_thread_blocked, id=13284, stack(0x00000031b3700000,0x00000031b3800000)]
  0x00000166562cb800 JavaThread "Stdin handler" [_thread_blocked, id=10696, stack(0x00000031b3800000,0x00000031b3900000)]
  0x00000166562d4800 JavaThread "Daemon client event forwarder" [_thread_blocked, id=8524, stack(0x00000031b3900000,0x00000031b3a00000)]
  0x00000166562d6800 JavaThread "Cache worker for file hash cache (F:\IIT\Projects\SPL3\MASC\masc-core\.gradle\7.0\fileHashes)" [_thread_blocked, id=18444, stack(0x00000031b3a00000,0x00000031b3b00000)]
  0x00000166562d4000 JavaThread "Cache worker for checksums cache (F:\IIT\Projects\SPL3\MASC\masc-core\.gradle\checksums)" [_thread_blocked, id=21212, stack(0x00000031b3b00000,0x00000031b3c00000)]
  0x00000166562d7000 JavaThread "Cache worker for cache directory md-supplier (C:\Users\ASUS\.gradle\caches\7.0\md-supplier)" [_thread_blocked, id=20216, stack(0x00000031b3c00000,0x00000031b3d00000)]
  0x00000166562d5800 JavaThread "Cache worker for cache directory md-rule (C:\Users\ASUS\.gradle\caches\7.0\md-rule)" [_thread_blocked, id=21360, stack(0x00000031b4300000,0x00000031b4400000)]
  0x00000166562d1800 JavaThread "Cache worker for dependencies-accessors (F:\IIT\Projects\SPL3\MASC\masc-core\.gradle\7.0\dependencies-accessors)" [_thread_blocked, id=6228, stack(0x00000031b4700000,0x00000031b4800000)]
  0x00000166562d2000 JavaThread "Cache worker for Build Output Cleanup Cache (F:\IIT\Projects\SPL3\MASC\masc-core\.gradle\buildOutputCleanup)" [_thread_blocked, id=20804, stack(0x00000031b4800000,0x00000031b4900000)]
  0x00000166562d8000 JavaThread "Build operations" [_thread_blocked, id=19104, stack(0x00000031b4900000,0x00000031b4a00000)]
  0x00000166562d8800 JavaThread "Build operations Thread 2" [_thread_blocked, id=14104, stack(0x00000031b4a00000,0x00000031b4b00000)]
  0x00000166562d3000 JavaThread "Build operations Thread 3" [_thread_blocked, id=8832, stack(0x00000031b5100000,0x00000031b5200000)]
  0x00000166541ca800 JavaThread "Build operations Thread 4" [_thread_blocked, id=248, stack(0x00000031b5300000,0x00000031b5400000)]
  0x00000166541d1000 JavaThread "Build operations Thread 5" [_thread_blocked, id=16112, stack(0x00000031b5400000,0x00000031b5500000)]
  0x00000166541cb000 JavaThread "Build operations Thread 6" [_thread_blocked, id=19528, stack(0x00000031b5500000,0x00000031b5600000)]
  0x00000166541d1800 JavaThread "Build operations Thread 7" [_thread_blocked, id=17008, stack(0x00000031b5600000,0x00000031b5700000)]
  0x00000166541cc000 JavaThread "Build operations Thread 8" [_thread_blocked, id=20260, stack(0x00000031b5700000,0x00000031b5800000)]
  0x0000016656115800 JavaThread "C2 CompilerThread1" daemon [_thread_blocked, id=6372, stack(0x00000031b5800000,0x00000031b5900000)]
  0x00000166541d2800 JavaThread "Execution worker for ':'" [_thread_blocked, id=18728, stack(0x00000031b5900000,0x00000031b5a00000)]
  0x00000166541cd000 JavaThread "Execution worker for ':' Thread 2" [_thread_blocked, id=840, stack(0x00000031b5a00000,0x00000031b5b00000)]
  0x00000166541d6000 JavaThread "Execution worker for ':' Thread 3" [_thread_blocked, id=3700, stack(0x00000031b5b00000,0x00000031b5c00000)]
  0x00000166541d9000 JavaThread "Execution worker for ':' Thread 4" [_thread_blocked, id=22464, stack(0x00000031b6000000,0x00000031b6100000)]
  0x00000166541d6800 JavaThread "Execution worker for ':' Thread 5" [_thread_blocked, id=18840, stack(0x00000031b6100000,0x00000031b6200000)]
  0x00000166541d5000 JavaThread "Execution worker for ':' Thread 6" [_thread_blocked, id=7664, stack(0x00000031b6200000,0x00000031b6300000)]
  0x00000166541d8000 JavaThread "Execution worker for ':' Thread 7" [_thread_blocked, id=16584, stack(0x00000031b6300000,0x00000031b6400000)]
  0x00000166541d7800 JavaThread "Cache worker for execution history cache (F:\IIT\Projects\SPL3\MASC\masc-core\.gradle\7.0\executionHistory)" [_thread_blocked, id=22216, stack(0x00000031b6400000,0x00000031b6500000)]
=>0x000001665cca1000 JavaThread "C2 CompilerThread2" daemon [_thread_in_native, id=16128, stack(0x00000031b6600000,0x00000031b6700000)]
  0x00000166541d4000 JavaThread "DisconnectableInputStream source reader" daemon [_thread_blocked, id=15452, stack(0x00000031b6800000,0x00000031b6900000)]

Other Threads:
  0x0000016650ebc000 VMThread "VM Thread" [stack: 0x00000031b2300000,0x00000031b2400000] [id=8780]
  0x00000166519f1000 WatcherThread [stack: 0x00000031b2d00000,0x00000031b2e00000] [id=19580]
  0x00000166348b1800 GCTaskThread "GC Thread#0" [stack: 0x00000031b1e00000,0x00000031b1f00000] [id=6752]
  0x000001665224b800 GCTaskThread "GC Thread#1" [stack: 0x00000031b2f00000,0x00000031b3000000] [id=3120]
  0x000001665293c800 GCTaskThread "GC Thread#2" [stack: 0x00000031b3000000,0x00000031b3100000] [id=21192]
  0x000001665293d000 GCTaskThread "GC Thread#3" [stack: 0x00000031b3100000,0x00000031b3200000] [id=22160]
  0x0000016652a86000 GCTaskThread "GC Thread#4" [stack: 0x00000031b3200000,0x00000031b3300000] [id=8620]
  0x0000016652530800 GCTaskThread "GC Thread#5" [stack: 0x00000031b3300000,0x00000031b3400000] [id=15176]
  0x0000016651c9c000 GCTaskThread "GC Thread#6" [stack: 0x00000031b3f00000,0x00000031b4000000] [id=21568]
  0x0000016653da2000 GCTaskThread "GC Thread#7" [stack: 0x00000031b4000000,0x00000031b4100000] [id=13972]
  0x00000166348c3000 ConcurrentGCThread "G1 Main Marker" [stack: 0x00000031b1f00000,0x00000031b2000000] [id=14320]
  0x00000166348c4000 ConcurrentGCThread "G1 Conc#0" [stack: 0x00000031b2000000,0x00000031b2100000] [id=17480]
  0x00000166527a4000 ConcurrentGCThread "G1 Conc#1" [stack: 0x00000031b4100000,0x00000031b4200000] [id=11108]
  0x0000016650d54800 ConcurrentGCThread "G1 Refine#0" [stack: 0x00000031b2100000,0x00000031b2200000] [id=1968]
  0x0000016656c47000 ConcurrentGCThread "G1 Refine#1" [stack: 0x00000031b4400000,0x00000031b4500000] [id=6104]
  0x0000016650d55800 ConcurrentGCThread "G1 Young RemSet Sampling" [stack: 0x00000031b2200000,0x00000031b2300000] [id=16100]

Threads with active compile tasks:
C2 CompilerThread21088268 15390       4       org.gradle.internal.logging.sink.OutputEventTransformer::onOutput (399 bytes)

VM state:not at safepoint (normal execution)

VM Mutex/Monitor currently owned by a thread: None

Heap address: 0x00000000e0000000, size: 512 MB, Compressed Oops mode: 32-bit
Narrow klass base: 0x0000000000000000, Narrow klass shift: 3
Compressed class space size: 260046848 Address: 0x0000000100000000

Heap:
 garbage-first heap   total 262144K, used 191377K [0x00000000e0000000, 0x0000000100000000)
  region size 1024K, 102 young (104448K), 6 survivors (6144K)
 Metaspace       used 84517K, capacity 87368K, committed 87680K, reserved 331776K
  class space    used 10540K, capacity 11530K, committed 11648K, reserved 253952K
Heap Regions: E=young(eden), S=young(survivor), O=old, HS=humongous(starts), HC=humongous(continues), CS=collection set, F=free, A=archive, TAMS=top-at-mark-start (previous, next)
|   0|0x00000000e0000000, 0x00000000e0100000, 0x00000000e0100000|100%| O|  |TAMS 0x00000000e0100000, 0x00000000e0000000| Untracked 
|   1|0x00000000e0100000, 0x00000000e0200000, 0x00000000e0200000|100%| O|  |TAMS 0x00000000e0200000, 0x00000000e0100000| Untracked 
|   2|0x00000000e0200000, 0x00000000e0300000, 0x00000000e0300000|100%| O|  |TAMS 0x00000000e0300000, 0x00000000e0200000| Untracked 
|   3|0x00000000e0300000, 0x00000000e0400000, 0x00000000e0400000|100%|HS|  |TAMS 0x00000000e0400000, 0x00000000e0300000| Complete 
|   4|0x00000000e0400000, 0x00000000e0500000, 0x00000000e0500000|100%|HC|  |TAMS 0x00000000e0500000, 0x00000000e0400000| Complete 
|   5|0x00000000e0500000, 0x00000000e0600000, 0x00000000e0600000|100%|HC|  |TAMS 0x00000000e0600000, 0x00000000e0500000| Complete 
|   6|0x00000000e0600000, 0x00000000e0700000, 0x00000000e0700000|100%| O|  |TAMS 0x00000000e0700000, 0x00000000e0600000| Untracked 
|   7|0x00000000e0700000, 0x00000000e0800000, 0x00000000e0800000|100%| O|  |TAMS 0x00000000e0800000, 0x00000000e0700000| Untracked 
|   8|0x00000000e0800000, 0x00000000e0900000, 0x00000000e0900000|100%| O|  |TAMS 0x00000000e0900000, 0x00000000e0800000| Untracked 
|   9|0x00000000e0900000, 0x00000000e0a00000, 0x00000000e0a00000|100%| O|  |TAMS 0x00000000e0a00000, 0x00000000e0900000| Untracked 
|  10|0x00000000e0a00000, 0x00000000e0b00000, 0x00000000e0b00000|100%| O|  |TAMS 0x00000000e0b00000, 0x00000000e0a00000| Untracked 
|  11|0x00000000e0b00000, 0x00000000e0c00000, 0x00000000e0c00000|100%| O|  |TAMS 0x00000000e0c00000, 0x00000000e0b00000| Untracked 
|  12|0x00000000e0c00000, 0x00000000e0d00000, 0x00000000e0d00000|100%| O|  |TAMS 0x00000000e0d00000, 0x00000000e0c00000| Untracked 
|  13|0x00000000e0d00000, 0x00000000e0e00000, 0x00000000e0e00000|100%| O|  |TAMS 0x00000000e0e00000, 0x00000000e0d00000| Untracked 
|  14|0x00000000e0e00000, 0x00000000e0f00000, 0x00000000e0f00000|100%| O|  |TAMS 0x00000000e0f00000, 0x00000000e0e00000| Untracked 
|  15|0x00000000e0f00000, 0x00000000e1000000, 0x00000000e1000000|100%| O|  |TAMS 0x00000000e1000000, 0x00000000e0f00000| Untracked 
|  16|0x00000000e1000000, 0x00000000e1100000, 0x00000000e1100000|100%| O|  |TAMS 0x00000000e1100000, 0x00000000e1000000| Untracked 
|  17|0x00000000e1100000, 0x00000000e1200000, 0x00000000e1200000|100%| O|  |TAMS 0x00000000e1200000, 0x00000000e1100000| Untracked 
|  18|0x00000000e1200000, 0x00000000e1300000, 0x00000000e1300000|100%| O|  |TAMS 0x00000000e1300000, 0x00000000e1200000| Untracked 
|  19|0x00000000e1300000, 0x00000000e1400000, 0x00000000e1400000|100%| O|  |TAMS 0x00000000e1400000, 0x00000000e1300000| Untracked 
|  20|0x00000000e1400000, 0x00000000e1500000, 0x00000000e1500000|100%| O|  |TAMS 0x00000000e1500000, 0x00000000e1400000| Untracked 
|  21|0x00000000e1500000, 0x00000000e1600000, 0x00000000e1600000|100%| O|  |TAMS 0x00000000e1600000, 0x00000000e1500000| Untracked 
|  22|0x00000000e1600000, 0x00000000e1700000, 0x00000000e1700000|100%| O|  |TAMS 0x00000000e1700000, 0x00000000e1600000| Untracked 
|  23|0x00000000e1700000, 0x00000000e1800000, 0x00000000e1800000|100%| O|  |TAMS 0x00000000e1800000, 0x00000000e1700000| Untracked 
|  24|0x00000000e1800000, 0x00000000e1900000, 0x00000000e1900000|100%| O|  |TAMS 0x00000000e1900000, 0x00000000e1800000| Untracked 
|  25|0x00000000e1900000, 0x00000000e1a00000, 0x00000000e1a00000|100%| O|  |TAMS 0x00000000e1a00000, 0x00000000e1900000| Untracked 
|  26|0x00000000e1a00000, 0x00000000e1b00000, 0x00000000e1b00000|100%| O|  |TAMS 0x00000000e1b00000, 0x00000000e1a00000| Untracked 
|  27|0x00000000e1b00000, 0x00000000e1c00000, 0x00000000e1c00000|100%| O|  |TAMS 0x00000000e1c00000, 0x00000000e1b00000| Untracked 
|  28|0x00000000e1c00000, 0x00000000e1d00000, 0x00000000e1d00000|100%| O|  |TAMS 0x00000000e1c95200, 0x00000000e1c00000| Untracked 
|  29|0x00000000e1d00000, 0x00000000e1e00000, 0x00000000e1e00000|100%| O|  |TAMS 0x00000000e1d00000, 0x00000000e1d00000| Untracked 
|  30|0x00000000e1e00000, 0x00000000e1f00000, 0x00000000e1f00000|100%| O|  |TAMS 0x00000000e1e00000, 0x00000000e1e00000| Untracked 
|  31|0x00000000e1f00000, 0x00000000e2000000, 0x00000000e2000000|100%| O|  |TAMS 0x00000000e1f00000, 0x00000000e1f00000| Untracked 
|  32|0x00000000e2000000, 0x00000000e2100000, 0x00000000e2100000|100%| O|  |TAMS 0x00000000e2000000, 0x00000000e2000000| Untracked 
|  33|0x00000000e2100000, 0x00000000e2200000, 0x00000000e2200000|100%| O|  |TAMS 0x00000000e2100000, 0x00000000e2100000| Untracked 
|  34|0x00000000e2200000, 0x00000000e2300000, 0x00000000e2300000|100%| O|  |TAMS 0x00000000e2200000, 0x00000000e2200000| Untracked 
|  35|0x00000000e2300000, 0x00000000e2400000, 0x00000000e2400000|100%| O|  |TAMS 0x00000000e2300000, 0x00000000e2300000| Untracked 
|  36|0x00000000e2400000, 0x00000000e2500000, 0x00000000e2500000|100%| O|  |TAMS 0x00000000e2400000, 0x00000000e2400000| Untracked 
|  37|0x00000000e2500000, 0x00000000e2600000, 0x00000000e2600000|100%| O|  |TAMS 0x00000000e2500000, 0x00000000e2500000| Untracked 
|  38|0x00000000e2600000, 0x00000000e2700000, 0x00000000e2700000|100%| O|  |TAMS 0x00000000e2600000, 0x00000000e2600000| Untracked 
|  39|0x00000000e2700000, 0x00000000e2800000, 0x00000000e2800000|100%| O|  |TAMS 0x00000000e2700000, 0x00000000e2700000| Untracked 
|  40|0x00000000e2800000, 0x00000000e2900000, 0x00000000e2900000|100%| O|  |TAMS 0x00000000e2800000, 0x00000000e2800000| Untracked 
|  41|0x00000000e2900000, 0x00000000e2a00000, 0x00000000e2a00000|100%| O|  |TAMS 0x00000000e2900000, 0x00000000e2900000| Untracked 
|  42|0x00000000e2a00000, 0x00000000e2b00000, 0x00000000e2b00000|100%| O|  |TAMS 0x00000000e2a00000, 0x00000000e2a00000| Untracked 
|  43|0x00000000e2b00000, 0x00000000e2c00000, 0x00000000e2c00000|100%| O|  |TAMS 0x00000000e2b00000, 0x00000000e2b00000| Untracked 
|  44|0x00000000e2c00000, 0x00000000e2d00000, 0x00000000e2d00000|100%| O|  |TAMS 0x00000000e2c00000, 0x00000000e2c00000| Untracked 
|  45|0x00000000e2d00000, 0x00000000e2e00000, 0x00000000e2e00000|100%| O|  |TAMS 0x00000000e2d00000, 0x00000000e2d00000| Untracked 
|  46|0x00000000e2e00000, 0x00000000e2f00000, 0x00000000e2f00000|100%| O|  |TAMS 0x00000000e2e00000, 0x00000000e2e00000| Untracked 
|  47|0x00000000e2f00000, 0x00000000e3000000, 0x00000000e3000000|100%| O|  |TAMS 0x00000000e2f00000, 0x00000000e2f00000| Untracked 
|  48|0x00000000e3000000, 0x00000000e3100000, 0x00000000e3100000|100%| O|  |TAMS 0x00000000e3000000, 0x00000000e3000000| Untracked 
|  49|0x00000000e3100000, 0x00000000e3200000, 0x00000000e3200000|100%| O|  |TAMS 0x00000000e3100000, 0x00000000e3100000| Untracked 
|  50|0x00000000e3200000, 0x00000000e3300000, 0x00000000e3300000|100%| O|  |TAMS 0x00000000e3200000, 0x00000000e3200000| Untracked 
|  51|0x00000000e3300000, 0x00000000e3400000, 0x00000000e3400000|100%| O|  |TAMS 0x00000000e3300000, 0x00000000e3300000| Untracked 
|  52|0x00000000e3400000, 0x00000000e3500000, 0x00000000e3500000|100%| O|  |TAMS 0x00000000e3400000, 0x00000000e3400000| Untracked 
|  53|0x00000000e3500000, 0x00000000e3600000, 0x00000000e3600000|100%| O|  |TAMS 0x00000000e3500000, 0x00000000e3500000| Untracked 
|  54|0x00000000e3600000, 0x00000000e3700000, 0x00000000e3700000|100%| O|  |TAMS 0x00000000e3600000, 0x00000000e3600000| Untracked 
|  55|0x00000000e3700000, 0x00000000e3800000, 0x00000000e3800000|100%| O|  |TAMS 0x00000000e3700000, 0x00000000e3700000| Untracked 
|  56|0x00000000e3800000, 0x00000000e3900000, 0x00000000e3900000|100%| O|  |TAMS 0x00000000e3800000, 0x00000000e3800000| Untracked 
|  57|0x00000000e3900000, 0x00000000e3a00000, 0x00000000e3a00000|100%| O|  |TAMS 0x00000000e3900000, 0x00000000e3900000| Untracked 
|  58|0x00000000e3a00000, 0x00000000e3b00000, 0x00000000e3b00000|100%| O|  |TAMS 0x00000000e3a00000, 0x00000000e3a00000| Untracked 
|  59|0x00000000e3b00000, 0x00000000e3c00000, 0x00000000e3c00000|100%| O|  |TAMS 0x00000000e3b00000, 0x00000000e3b00000| Untracked 
|  60|0x00000000e3c00000, 0x00000000e3d00000, 0x00000000e3d00000|100%| O|  |TAMS 0x00000000e3c00000, 0x00000000e3c00000| Untracked 
|  61|0x00000000e3d00000, 0x00000000e3e00000, 0x00000000e3e00000|100%| O|  |TAMS 0x00000000e3d00000, 0x00000000e3d00000| Untracked 
|  62|0x00000000e3e00000, 0x00000000e3f00000, 0x00000000e3f00000|100%| O|  |TAMS 0x00000000e3e00000, 0x00000000e3e00000| Untracked 
|  63|0x00000000e3f00000, 0x00000000e4000000, 0x00000000e4000000|100%| O|  |TAMS 0x00000000e3f00000, 0x00000000e3f00000| Untracked 
|  64|0x00000000e4000000, 0x00000000e4100000, 0x00000000e4100000|100%| O|  |TAMS 0x00000000e4000000, 0x00000000e4000000| Untracked 
|  65|0x00000000e4100000, 0x00000000e4200000, 0x00000000e4200000|100%| O|  |TAMS 0x00000000e4100000, 0x00000000e4100000| Untracked 
|  66|0x00000000e4200000, 0x00000000e4300000, 0x00000000e4300000|100%| O|  |TAMS 0x00000000e4200000, 0x00000000e4200000| Untracked 
|  67|0x00000000e4300000, 0x00000000e4400000, 0x00000000e4400000|100%| O|  |TAMS 0x00000000e4300000, 0x00000000e4300000| Untracked 
|  68|0x00000000e4400000, 0x00000000e4500000, 0x00000000e4500000|100%| O|  |TAMS 0x00000000e4400000, 0x00000000e4400000| Untracked 
|  69|0x00000000e4500000, 0x00000000e4600000, 0x00000000e4600000|100%| O|  |TAMS 0x00000000e4500000, 0x00000000e4500000| Untracked 
|  70|0x00000000e4600000, 0x00000000e4700000, 0x00000000e4700000|100%| O|  |TAMS 0x00000000e4600000, 0x00000000e4600000| Untracked 
|  71|0x00000000e4700000, 0x00000000e4800000, 0x00000000e4800000|100%| O|  |TAMS 0x00000000e4700000, 0x00000000e4700000| Untracked 
|  72|0x00000000e4800000, 0x00000000e4900000, 0x00000000e4900000|100%| O|  |TAMS 0x00000000e4800000, 0x00000000e4800000| Untracked 
|  73|0x00000000e4900000, 0x00000000e4a00000, 0x00000000e4a00000|100%| O|  |TAMS 0x00000000e4900000, 0x00000000e4900000| Untracked 
|  74|0x00000000e4a00000, 0x00000000e4b00000, 0x00000000e4b00000|100%| O|  |TAMS 0x00000000e4a00000, 0x00000000e4a00000| Untracked 
|  75|0x00000000e4b00000, 0x00000000e4c00000, 0x00000000e4c00000|100%| O|  |TAMS 0x00000000e4b00000, 0x00000000e4b00000| Untracked 
|  76|0x00000000e4c00000, 0x00000000e4d00000, 0x00000000e4d00000|100%| O|  |TAMS 0x00000000e4c00000, 0x00000000e4c00000| Untracked 
|  77|0x00000000e4d00000, 0x00000000e4e00000, 0x00000000e4e00000|100%| O|  |TAMS 0x00000000e4d00000, 0x00000000e4d00000| Untracked 
|  78|0x00000000e4e00000, 0x00000000e4f00000, 0x00000000e4f00000|100%| O|  |TAMS 0x00000000e4e00000, 0x00000000e4e00000| Untracked 
|  79|0x00000000e4f00000, 0x00000000e5000000, 0x00000000e5000000|100%| O|  |TAMS 0x00000000e4f00000, 0x00000000e4f00000| Untracked 
|  80|0x00000000e5000000, 0x00000000e5100000, 0x00000000e5100000|100%| O|  |TAMS 0x00000000e5000000, 0x00000000e5000000| Untracked 
|  81|0x00000000e5100000, 0x00000000e5200000, 0x00000000e5200000|100%| O|  |TAMS 0x00000000e5100000, 0x00000000e5100000| Untracked 
|  82|0x00000000e5200000, 0x00000000e5300000, 0x00000000e5300000|100%| O|  |TAMS 0x00000000e5200000, 0x00000000e5200000| Untracked 
|  83|0x00000000e5300000, 0x00000000e5400000, 0x00000000e5400000|100%| O|  |TAMS 0x00000000e5300000, 0x00000000e5300000| Untracked 
|  84|0x00000000e5400000, 0x00000000e5500000, 0x00000000e5500000|100%| O|  |TAMS 0x00000000e5400000, 0x00000000e5400000| Untracked 
|  85|0x00000000e5500000, 0x00000000e5600000, 0x00000000e5600000|100%| O|  |TAMS 0x00000000e5500000, 0x00000000e5500000| Untracked 
|  86|0x00000000e5600000, 0x00000000e5700000, 0x00000000e5700000|100%| O|  |TAMS 0x00000000e5600000, 0x00000000e5600000| Untracked 
|  87|0x00000000e5700000, 0x00000000e577c000, 0x00000000e5800000| 48%| O|  |TAMS 0x00000000e5700000, 0x00000000e5700000| Untracked 
|  88|0x00000000e5800000, 0x00000000e5800000, 0x00000000e5900000|  0%| F|  |TAMS 0x00000000e5800000, 0x00000000e5800000| Untracked 
|  89|0x00000000e5900000, 0x00000000e5900000, 0x00000000e5a00000|  0%| F|  |TAMS 0x00000000e5900000, 0x00000000e5900000| Untracked 
|  90|0x00000000e5a00000, 0x00000000e5a00000, 0x00000000e5b00000|  0%| F|  |TAMS 0x00000000e5a00000, 0x00000000e5a00000| Untracked 
|  91|0x00000000e5b00000, 0x00000000e5b00000, 0x00000000e5c00000|  0%| F|  |TAMS 0x00000000e5b00000, 0x00000000e5b00000| Untracked 
|  92|0x00000000e5c00000, 0x00000000e5c00000, 0x00000000e5d00000|  0%| F|  |TAMS 0x00000000e5c00000, 0x00000000e5c00000| Untracked 
|  93|0x00000000e5d00000, 0x00000000e5d00000, 0x00000000e5e00000|  0%| F|  |TAMS 0x00000000e5d00000, 0x00000000e5d00000| Untracked 
|  94|0x00000000e5e00000, 0x00000000e5e00000, 0x00000000e5f00000|  0%| F|  |TAMS 0x00000000e5e00000, 0x00000000e5e00000| Untracked 
|  95|0x00000000e5f00000, 0x00000000e5f00000, 0x00000000e6000000|  0%| F|  |TAMS 0x00000000e5f00000, 0x00000000e5f00000| Untracked 
|  96|0x00000000e6000000, 0x00000000e6000000, 0x00000000e6100000|  0%| F|  |TAMS 0x00000000e6000000, 0x00000000e6000000| Untracked 
|  97|0x00000000e6100000, 0x00000000e6100000, 0x00000000e6200000|  0%| F|  |TAMS 0x00000000e6100000, 0x00000000e6100000| Untracked 
|  98|0x00000000e6200000, 0x00000000e6200000, 0x00000000e6300000|  0%| F|  |TAMS 0x00000000e6200000, 0x00000000e6200000| Untracked 
|  99|0x00000000e6300000, 0x00000000e6300000, 0x00000000e6400000|  0%| F|  |TAMS 0x00000000e6300000, 0x00000000e6300000| Untracked 
| 100|0x00000000e6400000, 0x00000000e6400000, 0x00000000e6500000|  0%| F|  |TAMS 0x00000000e6400000, 0x00000000e6400000| Untracked 
| 101|0x00000000e6500000, 0x00000000e6500000, 0x00000000e6600000|  0%| F|  |TAMS 0x00000000e6500000, 0x00000000e6500000| Untracked 
| 102|0x00000000e6600000, 0x00000000e6600000, 0x00000000e6700000|  0%| F|  |TAMS 0x00000000e6600000, 0x00000000e6600000| Untracked 
| 103|0x00000000e6700000, 0x00000000e6700000, 0x00000000e6800000|  0%| F|  |TAMS 0x00000000e6700000, 0x00000000e6700000| Untracked 
| 104|0x00000000e6800000, 0x00000000e6800000, 0x00000000e6900000|  0%| F|  |TAMS 0x00000000e6800000, 0x00000000e6800000| Untracked 
| 105|0x00000000e6900000, 0x00000000e6900000, 0x00000000e6a00000|  0%| F|  |TAMS 0x00000000e6900000, 0x00000000e6900000| Untracked 
| 106|0x00000000e6a00000, 0x00000000e6a00000, 0x00000000e6b00000|  0%| F|  |TAMS 0x00000000e6a00000, 0x00000000e6a00000| Untracked 
| 107|0x00000000e6b00000, 0x00000000e6b00000, 0x00000000e6c00000|  0%| F|  |TAMS 0x00000000e6b00000, 0x00000000e6b00000| Untracked 
| 108|0x00000000e6c00000, 0x00000000e6c00000, 0x00000000e6d00000|  0%| F|  |TAMS 0x00000000e6c00000, 0x00000000e6c00000| Untracked 
| 109|0x00000000e6d00000, 0x00000000e6d00000, 0x00000000e6e00000|  0%| F|  |TAMS 0x00000000e6d00000, 0x00000000e6d00000| Untracked 
| 110|0x00000000e6e00000, 0x00000000e6e00000, 0x00000000e6f00000|  0%| F|  |TAMS 0x00000000e6e00000, 0x00000000e6e00000| Untracked 
| 111|0x00000000e6f00000, 0x00000000e6f00000, 0x00000000e7000000|  0%| F|  |TAMS 0x00000000e6f00000, 0x00000000e6f00000| Untracked 
| 112|0x00000000e7000000, 0x00000000e7000000, 0x00000000e7100000|  0%| F|  |TAMS 0x00000000e7000000, 0x00000000e7000000| Untracked 
| 113|0x00000000e7100000, 0x00000000e7100000, 0x00000000e7200000|  0%| F|  |TAMS 0x00000000e7100000, 0x00000000e7100000| Untracked 
| 114|0x00000000e7200000, 0x00000000e7200000, 0x00000000e7300000|  0%| F|  |TAMS 0x00000000e7200000, 0x00000000e7200000| Untracked 
| 115|0x00000000e7300000, 0x00000000e7300000, 0x00000000e7400000|  0%| F|  |TAMS 0x00000000e7300000, 0x00000000e7300000| Untracked 
| 116|0x00000000e7400000, 0x00000000e7400000, 0x00000000e7500000|  0%| F|  |TAMS 0x00000000e7400000, 0x00000000e7400000| Untracked 
| 117|0x00000000e7500000, 0x00000000e7500000, 0x00000000e7600000|  0%| F|  |TAMS 0x00000000e7500000, 0x00000000e7500000| Untracked 
| 118|0x00000000e7600000, 0x00000000e7600000, 0x00000000e7700000|  0%| F|  |TAMS 0x00000000e7600000, 0x00000000e7600000| Untracked 
| 119|0x00000000e7700000, 0x00000000e7700000, 0x00000000e7800000|  0%| F|  |TAMS 0x00000000e7700000, 0x00000000e7700000| Untracked 
| 120|0x00000000e7800000, 0x00000000e7800000, 0x00000000e7900000|  0%| F|  |TAMS 0x00000000e7800000, 0x00000000e7800000| Untracked 
| 121|0x00000000e7900000, 0x00000000e7900000, 0x00000000e7a00000|  0%| F|  |TAMS 0x00000000e7900000, 0x00000000e7900000| Untracked 
| 122|0x00000000e7a00000, 0x00000000e7a00000, 0x00000000e7b00000|  0%| F|  |TAMS 0x00000000e7a00000, 0x00000000e7a00000| Untracked 
| 123|0x00000000e7b00000, 0x00000000e7b00000, 0x00000000e7c00000|  0%| F|  |TAMS 0x00000000e7b00000, 0x00000000e7b00000| Untracked 
| 124|0x00000000e7c00000, 0x00000000e7c00000, 0x00000000e7d00000|  0%| F|  |TAMS 0x00000000e7c00000, 0x00000000e7c00000| Untracked 
| 125|0x00000000e7d00000, 0x00000000e7d00000, 0x00000000e7e00000|  0%| F|  |TAMS 0x00000000e7d00000, 0x00000000e7d00000| Untracked 
| 126|0x00000000e7e00000, 0x00000000e7e00000, 0x00000000e7f00000|  0%| F|  |TAMS 0x00000000e7e00000, 0x00000000e7e00000| Untracked 
| 127|0x00000000e7f00000, 0x00000000e7f00000, 0x00000000e8000000|  0%| F|  |TAMS 0x00000000e7f00000, 0x00000000e7f00000| Untracked 
| 128|0x00000000e8000000, 0x00000000e8000000, 0x00000000e8100000|  0%| F|  |TAMS 0x00000000e8000000, 0x00000000e8000000| Untracked 
| 129|0x00000000e8100000, 0x00000000e8100000, 0x00000000e8200000|  0%| F|  |TAMS 0x00000000e8100000, 0x00000000e8100000| Untracked 
| 130|0x00000000e8200000, 0x00000000e8200000, 0x00000000e8300000|  0%| F|  |TAMS 0x00000000e8200000, 0x00000000e8200000| Untracked 
| 131|0x00000000e8300000, 0x00000000e8300000, 0x00000000e8400000|  0%| F|  |TAMS 0x00000000e8300000, 0x00000000e8300000| Untracked 
| 132|0x00000000e8400000, 0x00000000e8400000, 0x00000000e8500000|  0%| F|  |TAMS 0x00000000e8400000, 0x00000000e8400000| Untracked 
| 133|0x00000000e8500000, 0x00000000e8500000, 0x00000000e8600000|  0%| F|  |TAMS 0x00000000e8500000, 0x00000000e8500000| Untracked 
| 134|0x00000000e8600000, 0x00000000e8600000, 0x00000000e8700000|  0%| F|  |TAMS 0x00000000e8600000, 0x00000000e8600000| Untracked 
| 135|0x00000000e8700000, 0x00000000e8700000, 0x00000000e8800000|  0%| F|  |TAMS 0x00000000e8700000, 0x00000000e8700000| Untracked 
| 136|0x00000000e8800000, 0x00000000e8800000, 0x00000000e8900000|  0%| F|  |TAMS 0x00000000e8800000, 0x00000000e8800000| Untracked 
| 137|0x00000000e8900000, 0x00000000e8900000, 0x00000000e8a00000|  0%| F|  |TAMS 0x00000000e8900000, 0x00000000e8900000| Untracked 
| 138|0x00000000e8a00000, 0x00000000e8a00000, 0x00000000e8b00000|  0%| F|  |TAMS 0x00000000e8a00000, 0x00000000e8a00000| Untracked 
| 139|0x00000000e8b00000, 0x00000000e8b00000, 0x00000000e8c00000|  0%| F|  |TAMS 0x00000000e8b00000, 0x00000000e8b00000| Untracked 
| 140|0x00000000e8c00000, 0x00000000e8c00000, 0x00000000e8d00000|  0%| F|  |TAMS 0x00000000e8c00000, 0x00000000e8c00000| Untracked 
| 141|0x00000000e8d00000, 0x00000000e8d00000, 0x00000000e8e00000|  0%| F|  |TAMS 0x00000000e8d00000, 0x00000000e8d00000| Untracked 
| 142|0x00000000e8e00000, 0x00000000e8e00000, 0x00000000e8f00000|  0%| F|  |TAMS 0x00000000e8e00000, 0x00000000e8e00000| Untracked 
| 143|0x00000000e8f00000, 0x00000000e8f00000, 0x00000000e9000000|  0%| F|  |TAMS 0x00000000e8f00000, 0x00000000e8f00000| Untracked 
| 144|0x00000000e9000000, 0x00000000e9068528, 0x00000000e9100000| 40%| S|CS|TAMS 0x00000000e9000000, 0x00000000e9000000| Complete 
| 145|0x00000000e9100000, 0x00000000e9200000, 0x00000000e9200000|100%| S|CS|TAMS 0x00000000e9100000, 0x00000000e9100000| Complete 
| 146|0x00000000e9200000, 0x00000000e9300000, 0x00000000e9300000|100%| S|CS|TAMS 0x00000000e9200000, 0x00000000e9200000| Complete 
| 147|0x00000000e9300000, 0x00000000e9400000, 0x00000000e9400000|100%| S|CS|TAMS 0x00000000e9300000, 0x00000000e9300000| Complete 
| 148|0x00000000e9400000, 0x00000000e9500000, 0x00000000e9500000|100%| S|CS|TAMS 0x00000000e9400000, 0x00000000e9400000| Complete 
| 149|0x00000000e9500000, 0x00000000e9600000, 0x00000000e9600000|100%| S|CS|TAMS 0x00000000e9500000, 0x00000000e9500000| Complete 
| 150|0x00000000e9600000, 0x00000000e9600000, 0x00000000e9700000|  0%| F|  |TAMS 0x00000000e9600000, 0x00000000e9600000| Untracked 
| 151|0x00000000e9700000, 0x00000000e9700000, 0x00000000e9800000|  0%| F|  |TAMS 0x00000000e9700000, 0x00000000e9700000| Untracked 
| 152|0x00000000e9800000, 0x00000000e9800000, 0x00000000e9900000|  0%| F|  |TAMS 0x00000000e9800000, 0x00000000e9800000| Untracked 
| 153|0x00000000e9900000, 0x00000000e9900000, 0x00000000e9a00000|  0%| F|  |TAMS 0x00000000e9900000, 0x00000000e9900000| Untracked 
| 154|0x00000000e9a00000, 0x00000000e9a00000, 0x00000000e9b00000|  0%| F|  |TAMS 0x00000000e9a00000, 0x00000000e9a00000| Untracked 
| 155|0x00000000e9b00000, 0x00000000e9b00000, 0x00000000e9c00000|  0%| F|  |TAMS 0x00000000e9b00000, 0x00000000e9b00000| Untracked 
| 156|0x00000000e9c00000, 0x00000000e9c00000, 0x00000000e9d00000|  0%| F|  |TAMS 0x00000000e9c00000, 0x00000000e9c00000| Untracked 
| 157|0x00000000e9d00000, 0x00000000e9d00000, 0x00000000e9e00000|  0%| F|  |TAMS 0x00000000e9d00000, 0x00000000e9d00000| Untracked 
| 158|0x00000000e9e00000, 0x00000000e9e00000, 0x00000000e9f00000|  0%| F|  |TAMS 0x00000000e9e00000, 0x00000000e9e00000| Untracked 
| 159|0x00000000e9f00000, 0x00000000e9f00000, 0x00000000ea000000|  0%| F|  |TAMS 0x00000000e9f00000, 0x00000000e9f00000| Untracked 
| 160|0x00000000ea000000, 0x00000000ea067ed0, 0x00000000ea100000| 40%| E|  |TAMS 0x00000000ea000000, 0x00000000ea000000| Complete 
| 161|0x00000000ea100000, 0x00000000ea200000, 0x00000000ea200000|100%| E|CS|TAMS 0x00000000ea100000, 0x00000000ea100000| Complete 
| 162|0x00000000ea200000, 0x00000000ea300000, 0x00000000ea300000|100%| E|CS|TAMS 0x00000000ea200000, 0x00000000ea200000| Complete 
| 163|0x00000000ea300000, 0x00000000ea400000, 0x00000000ea400000|100%| E|CS|TAMS 0x00000000ea300000, 0x00000000ea300000| Complete 
| 164|0x00000000ea400000, 0x00000000ea500000, 0x00000000ea500000|100%| E|CS|TAMS 0x00000000ea400000, 0x00000000ea400000| Complete 
| 165|0x00000000ea500000, 0x00000000ea600000, 0x00000000ea600000|100%| E|CS|TAMS 0x00000000ea500000, 0x00000000ea500000| Complete 
| 166|0x00000000ea600000, 0x00000000ea700000, 0x00000000ea700000|100%| E|CS|TAMS 0x00000000ea600000, 0x00000000ea600000| Complete 
| 167|0x00000000ea700000, 0x00000000ea800000, 0x00000000ea800000|100%| E|CS|TAMS 0x00000000ea700000, 0x00000000ea700000| Complete 
| 168|0x00000000ea800000, 0x00000000ea900000, 0x00000000ea900000|100%| E|CS|TAMS 0x00000000ea800000, 0x00000000ea800000| Complete 
| 169|0x00000000ea900000, 0x00000000eaa00000, 0x00000000eaa00000|100%| E|CS|TAMS 0x00000000ea900000, 0x00000000ea900000| Complete 
| 170|0x00000000eaa00000, 0x00000000eab00000, 0x00000000eab00000|100%| E|CS|TAMS 0x00000000eaa00000, 0x00000000eaa00000| Complete 
| 171|0x00000000eab00000, 0x00000000eac00000, 0x00000000eac00000|100%| E|CS|TAMS 0x00000000eab00000, 0x00000000eab00000| Complete 
| 172|0x00000000eac00000, 0x00000000ead00000, 0x00000000ead00000|100%| E|CS|TAMS 0x00000000eac00000, 0x00000000eac00000| Complete 
| 173|0x00000000ead00000, 0x00000000eae00000, 0x00000000eae00000|100%| E|CS|TAMS 0x00000000ead00000, 0x00000000ead00000| Complete 
| 174|0x00000000eae00000, 0x00000000eaf00000, 0x00000000eaf00000|100%| E|CS|TAMS 0x00000000eae00000, 0x00000000eae00000| Complete 
| 175|0x00000000eaf00000, 0x00000000eb000000, 0x00000000eb000000|100%| E|CS|TAMS 0x00000000eaf00000, 0x00000000eaf00000| Complete 
| 176|0x00000000eb000000, 0x00000000eb100000, 0x00000000eb100000|100%| E|CS|TAMS 0x00000000eb000000, 0x00000000eb000000| Complete 
| 177|0x00000000eb100000, 0x00000000eb200000, 0x00000000eb200000|100%| E|CS|TAMS 0x00000000eb100000, 0x00000000eb100000| Complete 
| 178|0x00000000eb200000, 0x00000000eb300000, 0x00000000eb300000|100%| E|CS|TAMS 0x00000000eb200000, 0x00000000eb200000| Complete 
| 179|0x00000000eb300000, 0x00000000eb400000, 0x00000000eb400000|100%| E|CS|TAMS 0x00000000eb300000, 0x00000000eb300000| Complete 
| 180|0x00000000eb400000, 0x00000000eb500000, 0x00000000eb500000|100%| E|CS|TAMS 0x00000000eb400000, 0x00000000eb400000| Complete 
| 181|0x00000000eb500000, 0x00000000eb600000, 0x00000000eb600000|100%| E|CS|TAMS 0x00000000eb500000, 0x00000000eb500000| Complete 
| 182|0x00000000eb600000, 0x00000000eb700000, 0x00000000eb700000|100%| E|CS|TAMS 0x00000000eb600000, 0x00000000eb600000| Complete 
| 183|0x00000000eb700000, 0x00000000eb800000, 0x00000000eb800000|100%| E|CS|TAMS 0x00000000eb700000, 0x00000000eb700000| Complete 
| 184|0x00000000eb800000, 0x00000000eb900000, 0x00000000eb900000|100%| E|CS|TAMS 0x00000000eb800000, 0x00000000eb800000| Complete 
| 185|0x00000000eb900000, 0x00000000eba00000, 0x00000000eba00000|100%| E|CS|TAMS 0x00000000eb900000, 0x00000000eb900000| Complete 
| 186|0x00000000eba00000, 0x00000000ebb00000, 0x00000000ebb00000|100%| E|CS|TAMS 0x00000000eba00000, 0x00000000eba00000| Complete 
| 187|0x00000000ebb00000, 0x00000000ebc00000, 0x00000000ebc00000|100%| E|CS|TAMS 0x00000000ebb00000, 0x00000000ebb00000| Complete 
| 188|0x00000000ebc00000, 0x00000000ebd00000, 0x00000000ebd00000|100%| E|CS|TAMS 0x00000000ebc00000, 0x00000000ebc00000| Complete 
| 189|0x00000000ebd00000, 0x00000000ebe00000, 0x00000000ebe00000|100%| E|CS|TAMS 0x00000000ebd00000, 0x00000000ebd00000| Complete 
| 190|0x00000000ebe00000, 0x00000000ebf00000, 0x00000000ebf00000|100%| E|CS|TAMS 0x00000000ebe00000, 0x00000000ebe00000| Complete 
| 191|0x00000000ebf00000, 0x00000000ec000000, 0x00000000ec000000|100%| E|CS|TAMS 0x00000000ebf00000, 0x00000000ebf00000| Complete 
| 192|0x00000000ec000000, 0x00000000ec100000, 0x00000000ec100000|100%| E|CS|TAMS 0x00000000ec000000, 0x00000000ec000000| Complete 
| 193|0x00000000ec100000, 0x00000000ec200000, 0x00000000ec200000|100%| E|CS|TAMS 0x00000000ec100000, 0x00000000ec100000| Complete 
| 194|0x00000000ec200000, 0x00000000ec300000, 0x00000000ec300000|100%| E|CS|TAMS 0x00000000ec200000, 0x00000000ec200000| Complete 
| 195|0x00000000ec300000, 0x00000000ec400000, 0x00000000ec400000|100%| E|CS|TAMS 0x00000000ec300000, 0x00000000ec300000| Complete 
| 196|0x00000000ec400000, 0x00000000ec500000, 0x00000000ec500000|100%| E|CS|TAMS 0x00000000ec400000, 0x00000000ec400000| Complete 
| 197|0x00000000ec500000, 0x00000000ec600000, 0x00000000ec600000|100%| E|CS|TAMS 0x00000000ec500000, 0x00000000ec500000| Complete 
| 198|0x00000000ec600000, 0x00000000ec700000, 0x00000000ec700000|100%| E|CS|TAMS 0x00000000ec600000, 0x00000000ec600000| Complete 
| 199|0x00000000ec700000, 0x00000000ec800000, 0x00000000ec800000|100%| E|CS|TAMS 0x00000000ec700000, 0x00000000ec700000| Complete 
| 200|0x00000000ec800000, 0x00000000ec900000, 0x00000000ec900000|100%| E|CS|TAMS 0x00000000ec800000, 0x00000000ec800000| Complete 
| 201|0x00000000ec900000, 0x00000000eca00000, 0x00000000eca00000|100%| E|CS|TAMS 0x00000000ec900000, 0x00000000ec900000| Complete 
| 202|0x00000000eca00000, 0x00000000ecb00000, 0x00000000ecb00000|100%| E|CS|TAMS 0x00000000eca00000, 0x00000000eca00000| Complete 
| 203|0x00000000ecb00000, 0x00000000ecc00000, 0x00000000ecc00000|100%| E|CS|TAMS 0x00000000ecb00000, 0x00000000ecb00000| Complete 
| 204|0x00000000ecc00000, 0x00000000ecd00000, 0x00000000ecd00000|100%| E|CS|TAMS 0x00000000ecc00000, 0x00000000ecc00000| Complete 
| 205|0x00000000ecd00000, 0x00000000ece00000, 0x00000000ece00000|100%| E|CS|TAMS 0x00000000ecd00000, 0x00000000ecd00000| Complete 
| 206|0x00000000ece00000, 0x00000000ecf00000, 0x00000000ecf00000|100%| E|CS|TAMS 0x00000000ece00000, 0x00000000ece00000| Complete 
| 207|0x00000000ecf00000, 0x00000000ed000000, 0x00000000ed000000|100%| E|CS|TAMS 0x00000000ecf00000, 0x00000000ecf00000| Complete 
| 208|0x00000000ed000000, 0x00000000ed100000, 0x00000000ed100000|100%| E|CS|TAMS 0x00000000ed000000, 0x00000000ed000000| Complete 
| 209|0x00000000ed100000, 0x00000000ed200000, 0x00000000ed200000|100%| E|CS|TAMS 0x00000000ed100000, 0x00000000ed100000| Complete 
| 210|0x00000000ed200000, 0x00000000ed300000, 0x00000000ed300000|100%| E|CS|TAMS 0x00000000ed200000, 0x00000000ed200000| Complete 
| 211|0x00000000ed300000, 0x00000000ed400000, 0x00000000ed400000|100%| E|CS|TAMS 0x00000000ed300000, 0x00000000ed300000| Complete 
| 212|0x00000000ed400000, 0x00000000ed500000, 0x00000000ed500000|100%| E|CS|TAMS 0x00000000ed400000, 0x00000000ed400000| Complete 
| 213|0x00000000ed500000, 0x00000000ed600000, 0x00000000ed600000|100%| E|CS|TAMS 0x00000000ed500000, 0x00000000ed500000| Complete 
| 214|0x00000000ed600000, 0x00000000ed700000, 0x00000000ed700000|100%| E|CS|TAMS 0x00000000ed600000, 0x00000000ed600000| Complete 
| 215|0x00000000ed700000, 0x00000000ed800000, 0x00000000ed800000|100%| E|CS|TAMS 0x00000000ed700000, 0x00000000ed700000| Complete 
| 216|0x00000000ed800000, 0x00000000ed900000, 0x00000000ed900000|100%| E|CS|TAMS 0x00000000ed800000, 0x00000000ed800000| Complete 
| 217|0x00000000ed900000, 0x00000000eda00000, 0x00000000eda00000|100%| E|CS|TAMS 0x00000000ed900000, 0x00000000ed900000| Complete 
| 218|0x00000000eda00000, 0x00000000edb00000, 0x00000000edb00000|100%| E|CS|TAMS 0x00000000eda00000, 0x00000000eda00000| Complete 
| 219|0x00000000edb00000, 0x00000000edc00000, 0x00000000edc00000|100%| E|CS|TAMS 0x00000000edb00000, 0x00000000edb00000| Complete 
| 220|0x00000000edc00000, 0x00000000edd00000, 0x00000000edd00000|100%| E|CS|TAMS 0x00000000edc00000, 0x00000000edc00000| Complete 
| 221|0x00000000edd00000, 0x00000000ede00000, 0x00000000ede00000|100%| E|CS|TAMS 0x00000000edd00000, 0x00000000edd00000| Complete 
| 222|0x00000000ede00000, 0x00000000edf00000, 0x00000000edf00000|100%| E|CS|TAMS 0x00000000ede00000, 0x00000000ede00000| Complete 
| 223|0x00000000edf00000, 0x00000000ee000000, 0x00000000ee000000|100%| E|CS|TAMS 0x00000000edf00000, 0x00000000edf00000| Complete 
| 224|0x00000000ee000000, 0x00000000ee100000, 0x00000000ee100000|100%| E|CS|TAMS 0x00000000ee000000, 0x00000000ee000000| Complete 
| 225|0x00000000ee100000, 0x00000000ee200000, 0x00000000ee200000|100%| E|CS|TAMS 0x00000000ee100000, 0x00000000ee100000| Complete 
| 226|0x00000000ee200000, 0x00000000ee300000, 0x00000000ee300000|100%| E|CS|TAMS 0x00000000ee200000, 0x00000000ee200000| Complete 
| 227|0x00000000ee300000, 0x00000000ee400000, 0x00000000ee400000|100%| E|CS|TAMS 0x00000000ee300000, 0x00000000ee300000| Complete 
| 228|0x00000000ee400000, 0x00000000ee500000, 0x00000000ee500000|100%| E|CS|TAMS 0x00000000ee400000, 0x00000000ee400000| Complete 
| 229|0x00000000ee500000, 0x00000000ee600000, 0x00000000ee600000|100%| E|CS|TAMS 0x00000000ee500000, 0x00000000ee500000| Complete 
| 230|0x00000000ee600000, 0x00000000ee700000, 0x00000000ee700000|100%| E|CS|TAMS 0x00000000ee600000, 0x00000000ee600000| Complete 
| 231|0x00000000ee700000, 0x00000000ee800000, 0x00000000ee800000|100%| E|CS|TAMS 0x00000000ee700000, 0x00000000ee700000| Complete 
| 232|0x00000000ee800000, 0x00000000ee900000, 0x00000000ee900000|100%| E|CS|TAMS 0x00000000ee800000, 0x00000000ee800000| Complete 
| 233|0x00000000ee900000, 0x00000000eea00000, 0x00000000eea00000|100%| E|CS|TAMS 0x00000000ee900000, 0x00000000ee900000| Complete 
| 234|0x00000000eea00000, 0x00000000eeb00000, 0x00000000eeb00000|100%| E|CS|TAMS 0x00000000eea00000, 0x00000000eea00000| Complete 
| 235|0x00000000eeb00000, 0x00000000eec00000, 0x00000000eec00000|100%| E|CS|TAMS 0x00000000eeb00000, 0x00000000eeb00000| Complete 
| 236|0x00000000eec00000, 0x00000000eed00000, 0x00000000eed00000|100%| E|CS|TAMS 0x00000000eec00000, 0x00000000eec00000| Complete 
| 237|0x00000000eed00000, 0x00000000eee00000, 0x00000000eee00000|100%| E|CS|TAMS 0x00000000eed00000, 0x00000000eed00000| Complete 
| 238|0x00000000eee00000, 0x00000000eef00000, 0x00000000eef00000|100%| E|CS|TAMS 0x00000000eee00000, 0x00000000eee00000| Complete 
| 239|0x00000000eef00000, 0x00000000ef000000, 0x00000000ef000000|100%| E|CS|TAMS 0x00000000eef00000, 0x00000000eef00000| Complete 
| 240|0x00000000ef000000, 0x00000000ef100000, 0x00000000ef100000|100%| E|CS|TAMS 0x00000000ef000000, 0x00000000ef000000| Complete 
| 241|0x00000000ef100000, 0x00000000ef200000, 0x00000000ef200000|100%| E|CS|TAMS 0x00000000ef100000, 0x00000000ef100000| Complete 
| 242|0x00000000ef200000, 0x00000000ef300000, 0x00000000ef300000|100%| E|CS|TAMS 0x00000000ef200000, 0x00000000ef200000| Complete 
| 243|0x00000000ef300000, 0x00000000ef400000, 0x00000000ef400000|100%| E|CS|TAMS 0x00000000ef300000, 0x00000000ef300000| Complete 
| 244|0x00000000ef400000, 0x00000000ef500000, 0x00000000ef500000|100%| E|CS|TAMS 0x00000000ef400000, 0x00000000ef400000| Complete 
| 245|0x00000000ef500000, 0x00000000ef600000, 0x00000000ef600000|100%| E|CS|TAMS 0x00000000ef500000, 0x00000000ef500000| Complete 
| 246|0x00000000ef600000, 0x00000000ef700000, 0x00000000ef700000|100%| E|CS|TAMS 0x00000000ef600000, 0x00000000ef600000| Complete 
| 247|0x00000000ef700000, 0x00000000ef800000, 0x00000000ef800000|100%| E|CS|TAMS 0x00000000ef700000, 0x00000000ef700000| Complete 
| 248|0x00000000ef800000, 0x00000000ef900000, 0x00000000ef900000|100%| E|CS|TAMS 0x00000000ef800000, 0x00000000ef800000| Complete 
| 249|0x00000000ef900000, 0x00000000efa00000, 0x00000000efa00000|100%| E|CS|TAMS 0x00000000ef900000, 0x00000000ef900000| Complete 
| 250|0x00000000efa00000, 0x00000000efb00000, 0x00000000efb00000|100%| E|CS|TAMS 0x00000000efa00000, 0x00000000efa00000| Complete 
| 251|0x00000000efb00000, 0x00000000efc00000, 0x00000000efc00000|100%| E|  |TAMS 0x00000000efb00000, 0x00000000efb00000| Complete 
| 252|0x00000000efc00000, 0x00000000efd00000, 0x00000000efd00000|100%| E|CS|TAMS 0x00000000efc00000, 0x00000000efc00000| Complete 
| 253|0x00000000efd00000, 0x00000000efe00000, 0x00000000efe00000|100%| E|CS|TAMS 0x00000000efd00000, 0x00000000efd00000| Complete 
| 254|0x00000000efe00000, 0x00000000eff00000, 0x00000000eff00000|100%| E|CS|TAMS 0x00000000efe00000, 0x00000000efe00000| Complete 
| 255|0x00000000eff00000, 0x00000000f0000000, 0x00000000f0000000|100%| E|CS|TAMS 0x00000000eff00000, 0x00000000eff00000| Complete 

Card table byte_map: [0x000001664d260000,0x000001664d360000] _byte_map_base: 0x000001664cb60000

Marking Bits (Prev, Next): (CMBitMap*) 0x00000166348c00f0, (CMBitMap*) 0x00000166348c00b8
 Prev Bits: [0x000001664dc60000, 0x000001664e460000)
 Next Bits: [0x000001664d460000, 0x000001664dc60000)

Polling page: 0x0000016634980000

Metaspace:

Usage:
  Non-class:     74.06 MB capacity,    72.24 MB ( 98%) used,     1.54 MB (  2%) free+waste,   281.69 KB ( <1%) overhead. 
      Class:     11.26 MB capacity,    10.29 MB ( 91%) used,   857.08 KB (  7%) free+waste,   132.75 KB (  1%) overhead. 
       Both:     85.32 MB capacity,    82.54 MB ( 97%) used,     2.38 MB (  3%) free+waste,   414.44 KB ( <1%) overhead. 

Virtual space:
  Non-class space:       76.00 MB reserved,      74.25 MB ( 98%) committed 
      Class space:      248.00 MB reserved,      11.38 MB (  5%) committed 
             Both:      324.00 MB reserved,      85.63 MB ( 26%) committed 

Chunk freelists:
   Non-Class:  256 bytes
       Class:  0 bytes
        Both:  256 bytes

CodeHeap 'non-profiled nmethods': size=120000Kb used=9754Kb max_used=9754Kb free=110245Kb
 bounds [0x00000166451d0000, 0x0000016645b60000, 0x000001664c700000]
CodeHeap 'profiled nmethods': size=120000Kb used=32118Kb max_used=32118Kb free=87881Kb
 bounds [0x000001663dca0000, 0x000001663fc10000, 0x00000166451d0000]
CodeHeap 'non-nmethods': size=5760Kb used=2294Kb max_used=2351Kb free=3465Kb
 bounds [0x000001663d700000, 0x000001663d970000, 0x000001663dca0000]
 total_blobs=15370 nmethods=14465 adapters=815
 compilation: enabled
              stopped_count=0, restarted_count=0
 full_count=0

Compilation events (10 events):
Event: 1087.040 Thread 0x000001665cca1000 nmethod 15367 0x0000016645b45310 code [0x0000016645b454c0, 0x0000016645b457f8]
Event: 1087.079 Thread 0x0000016656115800 nmethod 15268 0x0000016645b45b10 code [0x0000016645b45e20, 0x0000016645b479f8]
Event: 1087.247 Thread 0x000001665186e000 nmethod 15225 0x0000016645b48b90 code [0x0000016645b49360, 0x0000016645b51bf8]
Event: 1088.165 Thread 0x000001665cca1000 15390       4       org.gradle.internal.logging.sink.OutputEventTransformer::onOutput (399 bytes)
Event: 1088.165 Thread 0x0000016656115800 15391   !   4       org.gradle.internal.logging.sink.OutputEventRenderer::onOutput (101 bytes)
Event: 1088.165 Thread 0x0000016650f03000 15392       3       org.gradle.internal.logging.sink.ProgressLogEventGenerator$Operation::completeHeader (154 bytes)
Event: 1088.167 Thread 0x0000016650f03000 nmethod 15392 0x000001663fc01210 code [0x000001663fc016c0, 0x000001663fc03dc8]
Event: 1088.170 Thread 0x0000016656115800 nmethod 15391 0x0000016645b56790 code [0x0000016645b56940, 0x0000016645b56e88]
Event: 1088.174 Thread 0x0000016650f03000 15393       1       org.gradle.internal.logging.events.StyledTextOutputEvent::getSpans (5 bytes)
Event: 1088.174 Thread 0x0000016650f03000 nmethod 15393 0x0000016645b57190 code [0x0000016645b57320, 0x0000016645b573d8]

GC Heap History (10 events):
Event: 18.955 GC heap before
{Heap before GC invocations=8 (full 0):
 garbage-first heap   total 262144K, used 171399K [0x00000000e0000000, 0x0000000100000000)
  region size 1024K, 147 young (150528K), 13 survivors (13312K)
 Metaspace       used 58309K, capacity 60071K, committed 60160K, reserved 307200K
  class space    used 7682K, capacity 8362K, committed 8448K, reserved 253952K
}
Event: 18.969 GC heap after
{Heap after GC invocations=9 (full 0):
 garbage-first heap   total 262144K, used 45652K [0x00000000e0000000, 0x0000000100000000)
  region size 1024K, 16 young (16384K), 16 survivors (16384K)
 Metaspace       used 58309K, capacity 60071K, committed 60160K, reserved 307200K
  class space    used 7682K, capacity 8362K, committed 8448K, reserved 253952K
}
Event: 799.412 GC heap before
{Heap before GC invocations=10 (full 0):
 garbage-first heap   total 262144K, used 185940K [0x00000000e0000000, 0x0000000100000000)
  region size 1024K, 153 young (156672K), 16 survivors (16384K)
 Metaspace       used 69668K, capacity 71881K, committed 72192K, reserved 317440K
  class space    used 9077K, capacity 9874K, committed 9984K, reserved 253952K
}
Event: 799.428 GC heap after
{Heap after GC invocations=11 (full 0):
 garbage-first heap   total 262144K, used 56320K [0x00000000e0000000, 0x0000000100000000)
  region size 1024K, 20 young (20480K), 20 survivors (20480K)
 Metaspace       used 69668K, capacity 71881K, committed 72192K, reserved 317440K
  class space    used 9077K, capacity 9874K, committed 9984K, reserved 253952K
}
Event: 808.565 GC heap before
{Heap before GC invocations=11 (full 0):
 garbage-first heap   total 262144K, used 191488K [0x00000000e0000000, 0x0000000100000000)
  region size 1024K, 153 young (156672K), 20 survivors (20480K)
 Metaspace       used 73351K, capacity 75576K, committed 75648K, reserved 319488K
  class space    used 9506K, capacity 10333K, committed 10368K, reserved 253952K
}
Event: 808.586 GC heap after
{Heap after GC invocations=12 (full 0):
 garbage-first heap   total 262144K, used 71231K [0x00000000e0000000, 0x0000000100000000)
  region size 1024K, 15 young (15360K), 15 survivors (15360K)
 Metaspace       used 73351K, capacity 75576K, committed 75648K, reserved 319488K
  class space    used 9506K, capacity 10333K, committed 10368K, reserved 253952K
}
Event: 810.764 GC heap before
{Heap before GC invocations=12 (full 0):
 garbage-first heap   total 262144K, used 201279K [0x00000000e0000000, 0x0000000100000000)
  region size 1024K, 142 young (145408K), 15 survivors (15360K)
 Metaspace       used 80989K, capacity 83470K, committed 83712K, reserved 327680K
  class space    used 10301K, capacity 11226K, committed 11264K, reserved 253952K
}
Event: 810.784 GC heap after
{Heap after GC invocations=13 (full 0):
 garbage-first heap   total 262144K, used 90502K [0x00000000e0000000, 0x0000000100000000)
  region size 1024K, 18 young (18432K), 18 survivors (18432K)
 Metaspace       used 80989K, capacity 83470K, committed 83712K, reserved 327680K
  class space    used 10301K, capacity 11226K, committed 11264K, reserved 253952K
}
Event: 1039.391 GC heap before
{Heap before GC invocations=13 (full 0):
 garbage-first heap   total 262144K, used 198022K [0x00000000e0000000, 0x0000000100000000)
  region size 1024K, 124 young (126976K), 18 survivors (18432K)
 Metaspace       used 82906K, capacity 85503K, committed 85632K, reserved 329728K
  class space    used 10448K, capacity 11380K, committed 11392K, reserved 253952K
}
Event: 1039.408 GC heap after
{Heap after GC invocations=14 (full 0):
 garbage-first heap   total 262144K, used 95121K [0x00000000e0000000, 0x0000000100000000)
  region size 1024K, 6 young (6144K), 6 survivors (6144K)
 Metaspace       used 82906K, capacity 85503K, committed 85632K, reserved 329728K
  class space    used 10448K, capacity 11380K, committed 11392K, reserved 253952K
}

Deoptimization events (10 events):
Event: 1040.493 Thread 0x00000166562d6800 Uncommon trap: reason=unstable_if action=reinterpret pc=0x00000166455fd190 method=com.esotericsoftware.kryo.io.Output.writeBytes([BII)V @ 61 c2
Event: 1040.493 Thread 0x00000166562cb000 Uncommon trap: reason=unstable_if action=reinterpret pc=0x000001664544cd68 method=java.util.regex.Matcher.search(I)Z @ 76 c2
Event: 1040.493 Thread 0x00000166562cb000 Uncommon trap: reason=unstable_if action=reinterpret pc=0x000001664544bcd0 method=java.util.regex.Matcher.search(I)Z @ 76 c2
Event: 1040.494 Thread 0x00000166562d6800 Uncommon trap: reason=unstable_if action=reinterpret pc=0x0000016645498d1c method=java.io.ObjectOutputStream$BlockDataOutputStream.writeBytes(Ljava/lang/String;)V @ 22 c2
Event: 1040.514 Thread 0x00000166562cb000 Uncommon trap: reason=class_check action=maybe_recompile pc=0x0000016645623218 method=java.io.ObjectOutputStream.writeNonProxyDesc(Ljava/io/ObjectStreamClass;Z)V @ 44 c2
Event: 1040.515 Thread 0x00000166562cb000 Uncommon trap: reason=class_check action=maybe_recompile pc=0x0000016645623218 method=java.io.ObjectOutputStream.writeNonProxyDesc(Ljava/io/ObjectStreamClass;Z)V @ 44 c2
Event: 1040.515 Thread 0x00000166562cb000 Uncommon trap: reason=class_check action=maybe_recompile pc=0x0000016645623218 method=java.io.ObjectOutputStream.writeNonProxyDesc(Ljava/io/ObjectStreamClass;Z)V @ 44 c2
Event: 1040.515 Thread 0x00000166562cb000 Uncommon trap: reason=class_check action=maybe_recompile pc=0x0000016645623218 method=java.io.ObjectOutputStream.writeNonProxyDesc(Ljava/io/ObjectStreamClass;Z)V @ 44 c2
Event: 1061.679 Thread 0x00000166562cb000 Uncommon trap: reason=class_check action=maybe_recompile pc=0x0000016645652028 method=sun.management.spi.PlatformMBeanProvider$PlatformComponent.getMBeans(Ljava/lang/Class;)Ljava/util/List; @ 26 c2
Event: 1086.703 Thread 0x00000166562cb000 Uncommon trap: reason=class_check action=maybe_recompile pc=0x0000016645652028 method=sun.management.spi.PlatformMBeanProvider$PlatformComponent.getMBeans(Ljava/lang/Class;)Ljava/util/List; @ 26 c2

Classes redefined (0 events):
No events

Internal exceptions (10 events):
Event: 1039.809 Thread 0x00000166562cb000 Exception <a 'java/lang/ClassNotFoundException'{0x00000000eddc10f8}: MASC_main__1_aecqgm03jlo1nboqcc7gc6om1Customizer> (0x00000000eddc10f8) thrown at [./open/src/hotspot/share/classfile/systemDictionary.cpp, line 226]
Event: 1040.484 Thread 0x00000166541d1800 Exception <a 'java/lang/reflect/InvocationTargetException'{0x00000000eca09520}> (0x00000000eca09520) thrown at [./open/src/hotspot/share/runtime/reflection.cpp, line 1242]
Event: 1040.491 Thread 0x00000166562d6800 Exception <a 'java/lang/NoSuchMethodError'{0x00000000eca95d30}: static Lorg/gradle/internal/build/event/types/DefaultTaskFailureResult;.<clinit>()V> (0x00000000eca95d30) thrown at [./open/src/hotspot/share/prims/jni.cpp, line 1366]
Event: 1040.493 Thread 0x00000166562d6800 Exception <a 'java/lang/NoSuchMethodError'{0x00000000ecaa54c0}: static Lorg/gradle/internal/build/event/types/DefaultFailure;.<clinit>()V> (0x00000000ecaa54c0) thrown at [./open/src/hotspot/share/prims/jni.cpp, line 1366]
Event: 1040.588 Thread 0x00000166562ca000 Exception <a 'java/lang/NoSuchMethodError'{0x00000000ec7266e8}: static Lorg/gradle/tooling/internal/provider/serialization/ClassLoaderDetails;.<clinit>()V> (0x00000000ec7266e8) thrown at [./open/src/hotspot/share/prims/jni.cpp, line 1366]
Event: 1040.589 Thread 0x00000166562ca000 Exception <a 'java/lang/NoSuchMethodError'{0x00000000ec7379e8}: static Lorg/gradle/tooling/internal/provider/serialization/WellKnownClassLoaderRegistry$KnownClassLoaderSpec;.<clinit>()V> (0x00000000ec7379e8) thrown at [./open/src/hotspot/share/prims/jni.c
Event: 1040.589 Thread 0x00000166562ca000 Exception <a 'java/lang/NoSuchMethodError'{0x00000000ec739110}: static Lorg/gradle/internal/classloader/ClassLoaderSpec;.<clinit>()V> (0x00000000ec739110) thrown at [./open/src/hotspot/share/prims/jni.cpp, line 1366]
Event: 1040.590 Thread 0x00000166562ca000 Exception <a 'java/lang/NoSuchMethodError'{0x00000000ec74b500}: static Lorg/gradle/internal/classloader/ClassLoaderSpec;.<clinit>()V> (0x00000000ec74b500) thrown at [./open/src/hotspot/share/prims/jni.cpp, line 1366]
Event: 1040.591 Thread 0x00000166562ca000 Exception <a 'java/lang/NoSuchMethodError'{0x00000000ec757950}: static Lorg/gradle/internal/classloader/VisitableURLClassLoader$Spec;.<clinit>()V> (0x00000000ec757950) thrown at [./open/src/hotspot/share/prims/jni.cpp, line 1366]
Event: 1063.230 Thread 0x00000166562cf000 Exception <a 'java/lang/reflect/InvocationTargetException'{0x00000000eb418db8}> (0x00000000eb418db8) thrown at [./open/src/hotspot/share/runtime/reflection.cpp, line 1242]

Events (10 events):
Event: 1086.831 Executing VM operation: RevokeBias
Event: 1086.831 Executing VM operation: RevokeBias done
Event: 1086.831 Executing VM operation: RevokeBias
Event: 1086.831 Executing VM operation: RevokeBias done
Event: 1086.833 Executing VM operation: RevokeBias
Event: 1086.833 Executing VM operation: RevokeBias done
Event: 1086.836 Executing VM operation: RevokeBias
Event: 1086.836 Executing VM operation: RevokeBias done
Event: 1086.971 Thread 0x000001665cca1000 Thread added: 0x000001665cca1000
Event: 1087.169 Thread 0x00000166541d4000 Thread added: 0x00000166541d4000


Dynamic libraries:
0x00007ff7b6220000 - 0x00007ff7b622f000 	D:\Program Files\Java\jdk-11.0.14\bin\java.exe
0x00007ffdc5970000 - 0x00007ffdc5b68000 	C:\WINDOWS\SYSTEM32\ntdll.dll
0x00007ffdc39a0000 - 0x00007ffdc3a5f000 	C:\WINDOWS\System32\KERNEL32.DLL
0x00007ffdc30a0000 - 0x00007ffdc337a000 	C:\WINDOWS\System32\KERNELBASE.dll
0x00007ffdc3380000 - 0x00007ffdc3480000 	C:\WINDOWS\System32\ucrtbase.dll
0x00007ffdbece0000 - 0x00007ffdbecf8000 	D:\Program Files\Java\jdk-11.0.14\bin\jli.dll
0x00007ffdbb150000 - 0x00007ffdbb165000 	D:\Program Files\Java\jdk-11.0.14\bin\VCRUNTIME140.dll
0x00007ffdc4bf0000 - 0x00007ffdc4c9e000 	C:\WINDOWS\System32\ADVAPI32.dll
0x00007ffdc4d30000 - 0x00007ffdc4dce000 	C:\WINDOWS\System32\msvcrt.dll
0x00007ffdc4480000 - 0x00007ffdc451c000 	C:\WINDOWS\System32\sechost.dll
0x00007ffdc4dd0000 - 0x00007ffdc4ef6000 	C:\WINDOWS\System32\RPCRT4.dll
0x00007ffdc4fe0000 - 0x00007ffdc517d000 	C:\WINDOWS\System32\USER32.dll
0x00007ffdc3940000 - 0x00007ffdc3962000 	C:\WINDOWS\System32\win32u.dll
0x00007ffdc58d0000 - 0x00007ffdc58fb000 	C:\WINDOWS\System32\GDI32.dll
0x00007ffdb28a0000 - 0x00007ffdb2b3a000 	C:\WINDOWS\WinSxS\amd64_microsoft.windows.common-controls_6595b64144ccf1df_6.0.19041.1110_none_60b5254171f9507e\COMCTL32.dll
0x00007ffdc35e0000 - 0x00007ffdc36f0000 	C:\WINDOWS\System32\gdi32full.dll
0x00007ffdc36f0000 - 0x00007ffdc378d000 	C:\WINDOWS\System32\msvcp_win.dll
0x00007ffdb9cd0000 - 0x00007ffdb9cda000 	C:\WINDOWS\SYSTEM32\VERSION.dll
0x00007ffdc4060000 - 0x00007ffdc4090000 	C:\WINDOWS\System32\IMM32.DLL
0x00007ffd7cf10000 - 0x00007ffd7cfab000 	D:\Program Files\Java\jdk-11.0.14\bin\msvcp140.dll
0x00007ffd5dcf0000 - 0x00007ffd5e806000 	D:\Program Files\Java\jdk-11.0.14\bin\server\jvm.dll
0x00007ffdc45b0000 - 0x00007ffdc45b8000 	C:\WINDOWS\System32\PSAPI.DLL
0x00007ffdae6e0000 - 0x00007ffdae6e9000 	C:\WINDOWS\SYSTEM32\WSOCK32.dll
0x00007ffdb9be0000 - 0x00007ffdb9c07000 	C:\WINDOWS\SYSTEM32\WINMM.dll
0x00007ffdc4540000 - 0x00007ffdc45ab000 	C:\WINDOWS\System32\WS2_32.dll
0x00007ffdc0ef0000 - 0x00007ffdc0f02000 	C:\WINDOWS\SYSTEM32\kernel.appcore.dll
0x00007ffdc07c0000 - 0x00007ffdc07d0000 	D:\Program Files\Java\jdk-11.0.14\bin\verify.dll
0x00007ffdb2e70000 - 0x00007ffdb3054000 	C:\WINDOWS\SYSTEM32\DBGHELP.DLL
0x00007ffdae780000 - 0x00007ffdae7b4000 	C:\WINDOWS\SYSTEM32\dbgcore.DLL
0x00007ffdc3840000 - 0x00007ffdc38c2000 	C:\WINDOWS\System32\bcryptPrimitives.dll
0x00007ffda3720000 - 0x00007ffda3748000 	D:\Program Files\Java\jdk-11.0.14\bin\java.dll
0x00007ffdbe970000 - 0x00007ffdbe97a000 	D:\Program Files\Java\jdk-11.0.14\bin\jimage.dll
0x00007ffdb09e0000 - 0x00007ffdb09f6000 	D:\Program Files\Java\jdk-11.0.14\bin\zip.dll
0x00007ffdc5180000 - 0x00007ffdc58c4000 	C:\WINDOWS\System32\SHELL32.dll
0x00007ffdc10f0000 - 0x00007ffdc1883000 	C:\WINDOWS\SYSTEM32\windows.storage.dll
0x00007ffdc40a0000 - 0x00007ffdc43f4000 	C:\WINDOWS\System32\combase.dll
0x00007ffdc2ab0000 - 0x00007ffdc2ade000 	C:\WINDOWS\SYSTEM32\Wldp.dll
0x00007ffdc3fb0000 - 0x00007ffdc405d000 	C:\WINDOWS\System32\SHCORE.dll
0x00007ffdc3e80000 - 0x00007ffdc3ed5000 	C:\WINDOWS\System32\shlwapi.dll
0x00007ffdc2f90000 - 0x00007ffdc2faf000 	C:\WINDOWS\SYSTEM32\profapi.dll
0x00007ffda5ed0000 - 0x00007ffda5ee9000 	D:\Program Files\Java\jdk-11.0.14\bin\net.dll
0x00007ffdb6e00000 - 0x00007ffdb6f0a000 	C:\WINDOWS\SYSTEM32\WINHTTP.dll
0x00007ffdc2810000 - 0x00007ffdc287a000 	C:\WINDOWS\system32\mswsock.dll
0x00007ffd9c630000 - 0x00007ffd9c642000 	D:\Program Files\Java\jdk-11.0.14\bin\nio.dll
0x00007ffdaab90000 - 0x00007ffdaabb7000 	C:\Users\ASUS\.gradle\native\49d0259a56938c7f99b2704e745ce422c4f750a7a20b539a32ccef96729676b1\windows-amd64\native-platform.dll
0x00007ffd654b0000 - 0x00007ffd65646000 	C:\Users\ASUS\.gradle\native\12488b8bf47d2d4c9fbf2f6322a914ad602e24e48041cd04a747c6da556b65c4\windows-amd64\native-platform-file-events.dll
0x00007ffdbb580000 - 0x00007ffdbb589000 	D:\Program Files\Java\jdk-11.0.14\bin\management.dll
0x00007ffdbb2e0000 - 0x00007ffdbb2eb000 	D:\Program Files\Java\jdk-11.0.14\bin\management_ext.dll
0x00007ffdc2a00000 - 0x00007ffdc2a18000 	C:\WINDOWS\SYSTEM32\CRYPTSP.dll
0x00007ffdc20c0000 - 0x00007ffdc20f4000 	C:\WINDOWS\system32\rsaenh.dll
0x00007ffdc3970000 - 0x00007ffdc3997000 	C:\WINDOWS\System32\bcrypt.dll
0x00007ffdc2f10000 - 0x00007ffdc2f3e000 	C:\WINDOWS\SYSTEM32\USERENV.dll
0x00007ffdc2a20000 - 0x00007ffdc2a2c000 	C:\WINDOWS\SYSTEM32\CRYPTBASE.dll
0x00007ffdc24b0000 - 0x00007ffdc24ec000 	C:\WINDOWS\SYSTEM32\IPHLPAPI.DLL
0x00007ffdc4770000 - 0x00007ffdc4778000 	C:\WINDOWS\System32\NSI.dll
0x00007ffdb9500000 - 0x00007ffdb9517000 	C:\WINDOWS\SYSTEM32\dhcpcsvc6.DLL
0x00007ffdb9ce0000 - 0x00007ffdb9cfd000 	C:\WINDOWS\SYSTEM32\dhcpcsvc.DLL
0x00007ffdc2500000 - 0x00007ffdc25cb000 	C:\WINDOWS\SYSTEM32\DNSAPI.dll
0x00007ffdaacc0000 - 0x00007ffdaace5000 	D:\Program Files\Java\jdk-11.0.14\bin\sunec.dll
0x00000000695c0000 - 0x00000000695e6000 	C:\Program Files\Bonjour\mdnsNSP.dll
0x00007ffdbc670000 - 0x00007ffdbc67a000 	C:\Windows\System32\rasadhlp.dll
0x00007ffdb64f0000 - 0x00007ffdb6570000 	C:\WINDOWS\System32\fwpuclnt.dll
0x00007ffdb0ad0000 - 0x00007ffdb0add000 	D:\Program Files\Java\jdk-11.0.14\bin\sunmscapi.dll
0x00007ffdc3480000 - 0x00007ffdc35d6000 	C:\WINDOWS\System32\CRYPT32.dll
0x00007ffdc2b20000 - 0x00007ffdc2b48000 	C:\WINDOWS\SYSTEM32\ncrypt.dll
0x00007ffdc2ae0000 - 0x00007ffdc2b1b000 	C:\WINDOWS\SYSTEM32\NTASN1.dll

dbghelp: loaded successfully - version: 4.0.5 - missing functions: none
symbol engine: initialized successfully - sym options: 0x614 - pdb path: .;D:\Program Files\Java\jdk-11.0.14\bin;C:\WINDOWS\SYSTEM32;C:\WINDOWS\WinSxS\amd64_microsoft.windows.common-controls_6595b64144ccf1df_6.0.19041.1110_none_60b5254171f9507e;D:\Program Files\Java\jdk-11.0.14\bin\server;C:\Users\ASUS\.gradle\native\49d0259a56938c7f99b2704e745ce422c4f750a7a20b539a32ccef96729676b1\windows-amd64;C:\Users\ASUS\.gradle\native\12488b8bf47d2d4c9fbf2f6322a914ad602e24e48041cd04a747c6da556b65c4\windows-amd64;C:\Program Files\Bonjour

VM Arguments:
jvm_args: --add-opens=java.base/java.util=ALL-UNNAMED --add-opens=java.base/java.lang=ALL-UNNAMED --add-opens=java.base/java.lang.invoke=ALL-UNNAMED --add-opens=java.base/java.util=ALL-UNNAMED --add-opens=java.prefs/java.util.prefs=ALL-UNNAMED --add-opens=java.prefs/java.util.prefs=ALL-UNNAMED --add-opens=java.base/java.nio.charset=ALL-UNNAMED --add-opens=java.base/java.net=ALL-UNNAMED --add-opens=java.base/java.util.concurrent.atomic=ALL-UNNAMED -XX:MaxMetaspaceSize=256m -XX:+HeapDumpOnOutOfMemoryError -Xms256m -Xmx512m -Dfile.encoding=windows-1252 -Duser.country=US -Duser.language=en -Duser.variant 
java_command: org.gradle.launcher.daemon.bootstrap.GradleDaemon 7.0
java_class_path (initial): C:\Users\ASUS\.gradle\wrapper\dists\gradle-7.0-bin\2p9ebqfz6ilrfozi676ogco7n\gradle-7.0\lib\gradle-launcher-7.0.jar
Launcher Type: SUN_STANDARD

[Global flags]
     intx CICompilerCount                          = 4                                         {product} {ergonomic}
   size_t CompressedClassSpaceSize                 = 260046848                                 {product} {ergonomic}
     uint ConcGCThreads                            = 2                                         {product} {ergonomic}
     uint G1ConcRefinementThreads                  = 8                                         {product} {ergonomic}
   size_t G1HeapRegionSize                         = 1048576                                   {product} {ergonomic}
    uintx GCDrainStackTargetSize                   = 64                                        {product} {ergonomic}
     bool HeapDumpOnOutOfMemoryError               = true                                   {manageable} {command line}
   size_t InitialHeapSize                          = 268435456                                 {product} {command line}
   size_t MarkStackSize                            = 4194304                                   {product} {ergonomic}
   size_t MaxHeapSize                              = 536870912                                 {product} {command line}
   size_t MaxMetaspaceSize                         = 268435456                                 {product} {command line}
   size_t MaxNewSize                               = 321912832                                 {product} {ergonomic}
   size_t MinHeapDeltaBytes                        = 1048576                                   {product} {ergonomic}
    uintx NonNMethodCodeHeapSize                   = 5836300                                {pd product} {ergonomic}
    uintx NonProfiledCodeHeapSize                  = 122910970                              {pd product} {ergonomic}
    uintx ProfiledCodeHeapSize                     = 122910970                              {pd product} {ergonomic}
    uintx ReservedCodeCacheSize                    = 251658240                              {pd product} {ergonomic}
     bool SegmentedCodeCache                       = true                                      {product} {ergonomic}
     bool UseCompressedClassPointers               = true                                 {lp64_product} {ergonomic}
     bool UseCompressedOops                        = true                                 {lp64_product} {ergonomic}
     bool UseG1GC                                  = true                                      {product} {ergonomic}
     bool UseLargePagesIndividualAllocation        = false                                  {pd product} {ergonomic}

Logging:
Log output configuration:
 #0: stdout all=warning uptime,level,tags
 #1: stderr all=off uptime,level,tags

Environment Variables:
PATH=C:\Program Files (x86)\Microsoft SDKs\Azure\CLI2\wbin;C:\Windows\system32;C:\Windows;C:\Windows\System32\Wbem;C:\Windows\System32\WindowsPowerShell\v1.0\;C:\Windows\System32\OpenSSH\;C:\WINDOWS\system32;C:\WINDOWS;C:\WINDOWS\System32\Wbem;C:\WINDOWS\System32\WindowsPowerShell\v1.0\;C:\WINDOWS\System32\OpenSSH\;C:\Program Files (x86)\NVIDIA Corporation\PhysX\Common;C:\Program Files\NVIDIA Corporation\NVIDIA NvDLISR;D:\xampp\php\php.exe;D:\Program Files\Git2\cmd;C:\Program Files\MySQL\MySQL Server 8.0\bin;D:\Program Files\nodejs;C:\Users\ASUS\AppData\Roaming\npm;D:\Program Files\PuTTY\;C:\Users\ASUS\AppData\Local\Yarn\bin;D:\Python;D:\Python\Scripts;C:\Program Files\dotnet\;D:\Program Files\Java\jdk-11.0.14\bin;C:\Users\ASUS\.azure-kubectl;C:\Users\ASUS\.azure-kubelogin;C:\ProgramData\chocolatey\bin;C:\Program Files (x86)\dotnet\;D:\Downloads\Compressed\apache-maven-3.8.6-bin\apache-maven-3.8.6\bin;C:\Program Files\MySQL\MySQL Shell 8.0\bin\;C:\Users\ASUS\AppData\Local\Microsoft\WindowsApps;D:\xampp\php;C:\Users\ASUS\AppData\Local\ComposerSetup\bin;C:\Users\ASUS\AppData\Roaming\Composer\vendor\bin;D:\composer\vendor\bin;C:\Users\ASUS\AppData\Local\Programs\Microsoft VS Code\bin;C:\Program Files\MySQL\MySQL Shell 8.0\bin;D:\Program Files\MongoDB\Server\4.4\bin;C:\Users\ASUS\AppData\Local\Yarn\bin;D:\Program Files\JetBrains\PyCharm 2021.3.2\bin;;D:\Program Files\JetBrains\WebStorm 2021.3.2\bin;;D:\Program Files\heroku\bin;D:\Downloads\Compressed\apache-maven-3.8.6-bin\apache-maven-3.8.6\bin;C:\Users\ASUS\AppData\Local\Programs\mongosh\
USERNAME=ASUS
OS=Windows_NT
PROCESSOR_IDENTIFIER=AMD64 Family 23 Model 24 Stepping 1, AuthenticAMD



---------------  S Y S T E M  ---------------

OS: Windows 10 , 64 bit Build 19041 (10.0.19041.2788)

CPU:total 8 (initial active 8) (8 cores per cpu, 2 threads per core) family 23 model 24 stepping 1 microcode 0x0, cmov, cx8, fxsr, mmx, sse, sse2, sse3, ssse3, sse4.1, sse4.2, popcnt, avx, avx2, aes, clmul, mmxext, 3dnowpref, lzcnt, sse4a, ht, tsc, tscinvbit, tscinv, bmi1, bmi2, adx, s

Memory: 4k page, system-wide physical 15809M (5327M free)
TotalPageFile size 18681M (AvailPageFile size 3M)
current process WorkingSet (physical memory assigned to process): 521M, peak: 540M
current process commit charge ("private bytes"): 560M, peak: 576M

vm_info: Java HotSpot(TM) 64-Bit Server VM (11.0.14+8-LTS-263) for windows-amd64 JRE (11.0.14+8-LTS-263), built on Dec  7 2021 21:53:57 by "mach5one" with MS VC++ 15.9 (VS2017)

END.
